---------- Date: 2016-06-01 00:38:06 ~ IP : 188.86.93.43 ----------
REQUEST URI : /index.php?route=product/ajaxcompare/compare_list
MOD DETAILS:
   modFile   : /home/platne/brasserwis/public_html/comparator/vqmod/xml/seo-single-url-home-continue.xml
   id        : SEO Single Url - Continue Home Link
   version   : 1
   vqmver    : 2.1.7
   author    : www.zadenzo.com

File Name    : catalog/controller/product/*.php(0)
VQModObject::applyMod - SEARCH NOT FOUND (ABORTING MOD): $this->url->link('common/home')
----------------------------------------------------------------------


---------- Date: 2016-06-01 00:38:11 ~ IP : 188.86.93.43 ----------
REQUEST URI : /index.php?route=product/ajaxcompare/compare_list
MOD DETAILS:
   modFile   : /home/platne/brasserwis/public_html/comparator/vqmod/xml/seo-single-url-home-continue.xml
   id        : SEO Single Url - Continue Home Link
   version   : 1
   vqmver    : 2.1.7
   author    : www.zadenzo.com

File Name    : catalog/controller/product/*.php(0)
VQModObject::applyMod - SEARCH NOT FOUND (ABORTING MOD): $this->url->link('common/home')
----------------------------------------------------------------------


---------- Date: 2016-06-01 00:38:17 ~ IP : 188.86.93.43 ----------
REQUEST URI : /index.php?route=product/ajaxcompare/compare_list
MOD DETAILS:
   modFile   : /home/platne/brasserwis/public_html/comparator/vqmod/xml/seo-single-url-home-continue.xml
   id        : SEO Single Url - Continue Home Link
   version   : 1
   vqmver    : 2.1.7
   author    : www.zadenzo.com

File Name    : catalog/controller/product/*.php(0)
VQModObject::applyMod - SEARCH NOT FOUND (ABORTING MOD): $this->url->link('common/home')
----------------------------------------------------------------------


---------- Date: 2016-06-01 00:38:40 ~ IP : 188.86.93.43 ----------
REQUEST URI : /index.php?route=product/ajaxcompare/compare_list
MOD DETAILS:
   modFile   : /home/platne/brasserwis/public_html/comparator/vqmod/xml/seo-single-url-home-continue.xml
   id        : SEO Single Url - Continue Home Link
   version   : 1
   vqmver    : 2.1.7
   author    : www.zadenzo.com

File Name    : catalog/controller/product/*.php(0)
VQModObject::applyMod - SEARCH NOT FOUND (ABORTING MOD): $this->url->link('common/home')
----------------------------------------------------------------------


---------- Date: 2016-06-01 00:38:48 ~ IP : 188.86.93.43 ----------
REQUEST URI : /index.php?route=product/ajaxcompare/compare_list
MOD DETAILS:
   modFile   : /home/platne/brasserwis/public_html/comparator/vqmod/xml/seo-single-url-home-continue.xml
   id        : SEO Single Url - Continue Home Link
   version   : 1
   vqmver    : 2.1.7
   author    : www.zadenzo.com

File Name    : catalog/controller/product/*.php(0)
VQModObject::applyMod - SEARCH NOT FOUND (ABORTING MOD): $this->url->link('common/home')
----------------------------------------------------------------------


---------- Date: 2016-06-01 00:38:52 ~ IP : 188.86.93.43 ----------
REQUEST URI : /index.php?route=product/ajaxcompare/compare_list
MOD DETAILS:
   modFile   : /home/platne/brasserwis/public_html/comparator/vqmod/xml/seo-single-url-home-continue.xml
   id        : SEO Single Url - Continue Home Link
   version   : 1
   vqmver    : 2.1.7
   author    : www.zadenzo.com

File Name    : catalog/controller/product/*.php(0)
VQModObject::applyMod - SEARCH NOT FOUND (ABORTING MOD): $this->url->link('common/home')
----------------------------------------------------------------------


---------- Date: 2016-06-01 00:39:37 ~ IP : 188.86.93.43 ----------
REQUEST URI : /index.php?route=product/ajaxcompare/add
MOD DETAILS:
   modFile   : /home/platne/brasserwis/public_html/comparator/vqmod/xml/seo-single-url-home-continue.xml
   id        : SEO Single Url - Continue Home Link
   version   : 1
   vqmver    : 2.1.7
   author    : www.zadenzo.com

File Name    : catalog/controller/product/*.php(0)
VQModObject::applyMod - SEARCH NOT FOUND (ABORTING MOD): $this->url->link('common/home')
----------------------------------------------------------------------


---------- Date: 2016-06-01 00:39:37 ~ IP : 188.86.93.43 ----------
REQUEST URI : /index.php?route=product/ajaxcompare/add
MOD DETAILS:
   modFile   : /home/platne/brasserwis/public_html/comparator/vqmod/xml/seo-single-url-home-continue.xml
   id        : SEO Single Url - Continue Home Link
   version   : 1
   vqmver    : 2.1.7
   author    : www.zadenzo.com

File Name    : catalog/controller/product/*.php(0)
VQModObject::applyMod - SEARCH NOT FOUND (ABORTING MOD): $this->url->link('common/home')
----------------------------------------------------------------------


---------- Date: 2016-06-01 00:39:37 ~ IP : 188.86.93.43 ----------
REQUEST URI : /index.php?route=product/ajaxcompare/compare_list
MOD DETAILS:
   modFile   : /home/platne/brasserwis/public_html/comparator/vqmod/xml/seo-single-url-home-continue.xml
   id        : SEO Single Url - Continue Home Link
   version   : 1
   vqmver    : 2.1.7
   author    : www.zadenzo.com

File Name    : catalog/controller/product/*.php(0)
VQModObject::applyMod - SEARCH NOT FOUND (ABORTING MOD): $this->url->link('common/home')
----------------------------------------------------------------------


---------- Date: 2016-06-01 00:39:44 ~ IP : 188.86.93.43 ----------
REQUEST URI : /index.php?route=product/ajaxcompare/compare_list
MOD DETAILS:
   modFile   : /home/platne/brasserwis/public_html/comparator/vqmod/xml/seo-single-url-home-continue.xml
   id        : SEO Single Url - Continue Home Link
   version   : 1
   vqmver    : 2.1.7
   author    : www.zadenzo.com

File Name    : catalog/controller/product/*.php(0)
VQModObject::applyMod - SEARCH NOT FOUND (ABORTING MOD): $this->url->link('common/home')
----------------------------------------------------------------------


---------- Date: 2016-06-01 00:39:50 ~ IP : 188.86.93.43 ----------
REQUEST URI : /index.php?route=product/ajaxcompare/compare_list
MOD DETAILS:
   modFile   : /home/platne/brasserwis/public_html/comparator/vqmod/xml/seo-single-url-home-continue.xml
   id        : SEO Single Url - Continue Home Link
   version   : 1
   vqmver    : 2.1.7
   author    : www.zadenzo.com

File Name    : catalog/controller/product/*.php(0)
VQModObject::applyMod - SEARCH NOT FOUND (ABORTING MOD): $this->url->link('common/home')
----------------------------------------------------------------------


---------- Date: 2016-06-01 00:40:07 ~ IP : 188.86.93.43 ----------
REQUEST URI : /index.php?route=product/ajaxcompare/compare_list
MOD DETAILS:
   modFile   : /home/platne/brasserwis/public_html/comparator/vqmod/xml/seo-single-url-home-continue.xml
   id        : SEO Single Url - Continue Home Link
   version   : 1
   vqmver    : 2.1.7
   author    : www.zadenzo.com

File Name    : catalog/controller/product/*.php(0)
VQModObject::applyMod - SEARCH NOT FOUND (ABORTING MOD): $this->url->link('common/home')
----------------------------------------------------------------------


---------- Date: 2016-06-01 00:40:23 ~ IP : 188.86.93.43 ----------
REQUEST URI : /index.php?route=product/ajaxcompare/compare_list
MOD DETAILS:
   modFile   : /home/platne/brasserwis/public_html/comparator/vqmod/xml/seo-single-url-home-continue.xml
   id        : SEO Single Url - Continue Home Link
   version   : 1
   vqmver    : 2.1.7
   author    : www.zadenzo.com

File Name    : catalog/controller/product/*.php(0)
VQModObject::applyMod - SEARCH NOT FOUND (ABORTING MOD): $this->url->link('common/home')
----------------------------------------------------------------------


---------- Date: 2016-06-01 00:40:27 ~ IP : 188.86.93.43 ----------
REQUEST URI : /index.php?route=product/ajaxcompare/compare_list
MOD DETAILS:
   modFile   : /home/platne/brasserwis/public_html/comparator/vqmod/xml/seo-single-url-home-continue.xml
   id        : SEO Single Url - Continue Home Link
   version   : 1
   vqmver    : 2.1.7
   author    : www.zadenzo.com

File Name    : catalog/controller/product/*.php(0)
VQModObject::applyMod - SEARCH NOT FOUND (ABORTING MOD): $this->url->link('common/home')
----------------------------------------------------------------------


---------- Date: 2016-06-01 00:40:33 ~ IP : 188.86.93.43 ----------
REQUEST URI : /index.php?route=product/ajaxcompare/compare_list
MOD DETAILS:
   modFile   : /home/platne/brasserwis/public_html/comparator/vqmod/xml/seo-single-url-home-continue.xml
   id        : SEO Single Url - Continue Home Link
   version   : 1
   vqmver    : 2.1.7
   author    : www.zadenzo.com

File Name    : catalog/controller/product/*.php(0)
VQModObject::applyMod - SEARCH NOT FOUND (ABORTING MOD): $this->url->link('common/home')
----------------------------------------------------------------------


---------- Date: 2016-06-01 00:40:36 ~ IP : 188.86.93.43 ----------
REQUEST URI : /index.php?route=product/ajaxcompare/removeall
MOD DETAILS:
   modFile   : /home/platne/brasserwis/public_html/comparator/vqmod/xml/seo-single-url-home-continue.xml
   id        : SEO Single Url - Continue Home Link
   version   : 1
   vqmver    : 2.1.7
   author    : www.zadenzo.com

File Name    : catalog/controller/product/*.php(0)
VQModObject::applyMod - SEARCH NOT FOUND (ABORTING MOD): $this->url->link('common/home')
----------------------------------------------------------------------


---------- Date: 2016-06-01 00:40:43 ~ IP : 188.86.93.43 ----------
REQUEST URI : /index.php?route=product/ajaxcompare/compare_list
MOD DETAILS:
   modFile   : /home/platne/brasserwis/public_html/comparator/vqmod/xml/seo-single-url-home-continue.xml
   id        : SEO Single Url - Continue Home Link
   version   : 1
   vqmver    : 2.1.7
   author    : www.zadenzo.com

File Name    : catalog/controller/product/*.php(0)
VQModObject::applyMod - SEARCH NOT FOUND (ABORTING MOD): $this->url->link('common/home')
----------------------------------------------------------------------


---------- Date: 2016-06-01 00:40:47 ~ IP : 188.86.93.43 ----------
REQUEST URI : /index.php?route=product/ajaxcompare/compare_list
MOD DETAILS:
   modFile   : /home/platne/brasserwis/public_html/comparator/vqmod/xml/seo-single-url-home-continue.xml
   id        : SEO Single Url - Continue Home Link
   version   : 1
   vqmver    : 2.1.7
   author    : www.zadenzo.com

File Name    : catalog/controller/product/*.php(0)
VQModObject::applyMod - SEARCH NOT FOUND (ABORTING MOD): $this->url->link('common/home')
----------------------------------------------------------------------


---------- Date: 2016-06-01 00:40:49 ~ IP : 188.86.93.43 ----------
REQUEST URI : /index.php?route=product/ajaxcompare/compare_list
MOD DETAILS:
   modFile   : /home/platne/brasserwis/public_html/comparator/vqmod/xml/seo-single-url-home-continue.xml
   id        : SEO Single Url - Continue Home Link
   version   : 1
   vqmver    : 2.1.7
   author    : www.zadenzo.com

File Name    : catalog/controller/product/*.php(0)
VQModObject::applyMod - SEARCH NOT FOUND (ABORTING MOD): $this->url->link('common/home')
----------------------------------------------------------------------


---------- Date: 2016-06-01 00:40:56 ~ IP : 188.86.93.43 ----------
REQUEST URI : /index.php?route=product/ajaxcompare/compare_list
MOD DETAILS:
   modFile   : /home/platne/brasserwis/public_html/comparator/vqmod/xml/seo-single-url-home-continue.xml
   id        : SEO Single Url - Continue Home Link
   version   : 1
   vqmver    : 2.1.7
   author    : www.zadenzo.com

File Name    : catalog/controller/product/*.php(0)
VQModObject::applyMod - SEARCH NOT FOUND (ABORTING MOD): $this->url->link('common/home')
----------------------------------------------------------------------


---------- Date: 2016-06-01 00:41:08 ~ IP : 188.86.93.43 ----------
REQUEST URI : /index.php?route=product/ajaxcompare/compare_list
MOD DETAILS:
   modFile   : /home/platne/brasserwis/public_html/comparator/vqmod/xml/seo-single-url-home-continue.xml
   id        : SEO Single Url - Continue Home Link
   version   : 1
   vqmver    : 2.1.7
   author    : www.zadenzo.com

File Name    : catalog/controller/product/*.php(0)
VQModObject::applyMod - SEARCH NOT FOUND (ABORTING MOD): $this->url->link('common/home')
----------------------------------------------------------------------


---------- Date: 2016-06-01 00:41:23 ~ IP : 188.86.93.43 ----------
REQUEST URI : /index.php?route=product/ajaxcompare/compare_list
MOD DETAILS:
   modFile   : /home/platne/brasserwis/public_html/comparator/vqmod/xml/seo-single-url-home-continue.xml
   id        : SEO Single Url - Continue Home Link
   version   : 1
   vqmver    : 2.1.7
   author    : www.zadenzo.com

File Name    : catalog/controller/product/*.php(0)
VQModObject::applyMod - SEARCH NOT FOUND (ABORTING MOD): $this->url->link('common/home')
----------------------------------------------------------------------


---------- Date: 2016-06-01 00:41:31 ~ IP : 188.86.93.43 ----------
REQUEST URI : /index.php?route=product/ajaxcompare/compare_list
MOD DETAILS:
   modFile   : /home/platne/brasserwis/public_html/comparator/vqmod/xml/seo-single-url-home-continue.xml
   id        : SEO Single Url - Continue Home Link
   version   : 1
   vqmver    : 2.1.7
   author    : www.zadenzo.com

File Name    : catalog/controller/product/*.php(0)
VQModObject::applyMod - SEARCH NOT FOUND (ABORTING MOD): $this->url->link('common/home')
----------------------------------------------------------------------


---------- Date: 2016-06-01 00:41:49 ~ IP : 188.86.93.43 ----------
REQUEST URI : /index.php?route=product/ajaxcompare/add
MOD DETAILS:
   modFile   : /home/platne/brasserwis/public_html/comparator/vqmod/xml/seo-single-url-home-continue.xml
   id        : SEO Single Url - Continue Home Link
   version   : 1
   vqmver    : 2.1.7
   author    : www.zadenzo.com

File Name    : catalog/controller/product/*.php(0)
VQModObject::applyMod - SEARCH NOT FOUND (ABORTING MOD): $this->url->link('common/home')
----------------------------------------------------------------------


---------- Date: 2016-06-01 00:41:49 ~ IP : 188.86.93.43 ----------
REQUEST URI : /index.php?route=product/ajaxcompare/add
MOD DETAILS:
   modFile   : /home/platne/brasserwis/public_html/comparator/vqmod/xml/seo-single-url-home-continue.xml
   id        : SEO Single Url - Continue Home Link
   version   : 1
   vqmver    : 2.1.7
   author    : www.zadenzo.com

File Name    : catalog/controller/product/*.php(0)
VQModObject::applyMod - SEARCH NOT FOUND (ABORTING MOD): $this->url->link('common/home')
----------------------------------------------------------------------


---------- Date: 2016-06-01 00:41:50 ~ IP : 188.86.93.43 ----------
REQUEST URI : /index.php?route=product/ajaxcompare/compare_list
MOD DETAILS:
   modFile   : /home/platne/brasserwis/public_html/comparator/vqmod/xml/seo-single-url-home-continue.xml
   id        : SEO Single Url - Continue Home Link
   version   : 1
   vqmver    : 2.1.7
   author    : www.zadenzo.com

File Name    : catalog/controller/product/*.php(0)
VQModObject::applyMod - SEARCH NOT FOUND (ABORTING MOD): $this->url->link('common/home')
----------------------------------------------------------------------


---------- Date: 2016-06-01 00:41:51 ~ IP : 188.86.93.43 ----------
REQUEST URI : /index.php?route=product/ajaxcompare/add
MOD DETAILS:
   modFile   : /home/platne/brasserwis/public_html/comparator/vqmod/xml/seo-single-url-home-continue.xml
   id        : SEO Single Url - Continue Home Link
   version   : 1
   vqmver    : 2.1.7
   author    : www.zadenzo.com

File Name    : catalog/controller/product/*.php(0)
VQModObject::applyMod - SEARCH NOT FOUND (ABORTING MOD): $this->url->link('common/home')
----------------------------------------------------------------------


---------- Date: 2016-06-01 00:41:51 ~ IP : 188.86.93.43 ----------
REQUEST URI : /index.php?route=product/ajaxcompare/add
MOD DETAILS:
   modFile   : /home/platne/brasserwis/public_html/comparator/vqmod/xml/seo-single-url-home-continue.xml
   id        : SEO Single Url - Continue Home Link
   version   : 1
   vqmver    : 2.1.7
   author    : www.zadenzo.com

File Name    : catalog/controller/product/*.php(0)
VQModObject::applyMod - SEARCH NOT FOUND (ABORTING MOD): $this->url->link('common/home')
----------------------------------------------------------------------


---------- Date: 2016-06-01 00:41:51 ~ IP : 188.86.93.43 ----------
REQUEST URI : /index.php?route=product/ajaxcompare/compare_list
MOD DETAILS:
   modFile   : /home/platne/brasserwis/public_html/comparator/vqmod/xml/seo-single-url-home-continue.xml
   id        : SEO Single Url - Continue Home Link
   version   : 1
   vqmver    : 2.1.7
   author    : www.zadenzo.com

File Name    : catalog/controller/product/*.php(0)
VQModObject::applyMod - SEARCH NOT FOUND (ABORTING MOD): $this->url->link('common/home')
----------------------------------------------------------------------


---------- Date: 2016-06-01 00:41:57 ~ IP : 188.86.93.43 ----------
REQUEST URI : /index.php?route=product/ajaxcompare/compare_list
MOD DETAILS:
   modFile   : /home/platne/brasserwis/public_html/comparator/vqmod/xml/seo-single-url-home-continue.xml
   id        : SEO Single Url - Continue Home Link
   version   : 1
   vqmver    : 2.1.7
   author    : www.zadenzo.com

File Name    : catalog/controller/product/*.php(0)
VQModObject::applyMod - SEARCH NOT FOUND (ABORTING MOD): $this->url->link('common/home')
----------------------------------------------------------------------


---------- Date: 2016-06-01 00:42:00 ~ IP : 188.86.93.43 ----------
REQUEST URI : /index.php?route=product/ajaxcompare/compare_list
MOD DETAILS:
   modFile   : /home/platne/brasserwis/public_html/comparator/vqmod/xml/seo-single-url-home-continue.xml
   id        : SEO Single Url - Continue Home Link
   version   : 1
   vqmver    : 2.1.7
   author    : www.zadenzo.com

File Name    : catalog/controller/product/*.php(0)
VQModObject::applyMod - SEARCH NOT FOUND (ABORTING MOD): $this->url->link('common/home')
----------------------------------------------------------------------


---------- Date: 2016-06-01 00:42:03 ~ IP : 188.86.93.43 ----------
REQUEST URI : /index.php?route=product/ajaxcompare/removeall
MOD DETAILS:
   modFile   : /home/platne/brasserwis/public_html/comparator/vqmod/xml/seo-single-url-home-continue.xml
   id        : SEO Single Url - Continue Home Link
   version   : 1
   vqmver    : 2.1.7
   author    : www.zadenzo.com

File Name    : catalog/controller/product/*.php(0)
VQModObject::applyMod - SEARCH NOT FOUND (ABORTING MOD): $this->url->link('common/home')
----------------------------------------------------------------------


---------- Date: 2016-06-01 04:05:06 ~ IP : 66.249.78.119 ----------
REQUEST URI : /index.php?route=product/ajaxcompare/compare_list
MOD DETAILS:
   modFile   : /home/platne/brasserwis/public_html/comparator/vqmod/xml/seo-single-url-home-continue.xml
   id        : SEO Single Url - Continue Home Link
   version   : 1
   vqmver    : 2.1.7
   author    : www.zadenzo.com

File Name    : catalog/controller/product/*.php(0)
VQModObject::applyMod - SEARCH NOT FOUND (ABORTING MOD): $this->url->link('common/home')
----------------------------------------------------------------------


---------- Date: 2016-06-01 05:22:57 ~ IP : 74.128.97.130 ----------
REQUEST URI : /index.php?route=product/ajaxcompare/compare_list
MOD DETAILS:
   modFile   : /home/platne/brasserwis/public_html/comparator/vqmod/xml/seo-single-url-home-continue.xml
   id        : SEO Single Url - Continue Home Link
   version   : 1
   vqmver    : 2.1.7
   author    : www.zadenzo.com

File Name    : catalog/controller/product/*.php(0)
VQModObject::applyMod - SEARCH NOT FOUND (ABORTING MOD): $this->url->link('common/home')
----------------------------------------------------------------------


---------- Date: 2016-06-01 05:24:02 ~ IP : 74.128.97.130 ----------
REQUEST URI : /index.php?route=product/ajaxcompare/compare_list
MOD DETAILS:
   modFile   : /home/platne/brasserwis/public_html/comparator/vqmod/xml/seo-single-url-home-continue.xml
   id        : SEO Single Url - Continue Home Link
   version   : 1
   vqmver    : 2.1.7
   author    : www.zadenzo.com

File Name    : catalog/controller/product/*.php(0)
VQModObject::applyMod - SEARCH NOT FOUND (ABORTING MOD): $this->url->link('common/home')
----------------------------------------------------------------------


---------- Date: 2016-06-01 05:24:08 ~ IP : 74.128.97.130 ----------
REQUEST URI : /index.php?route=product/ajaxcompare/compare_list
MOD DETAILS:
   modFile   : /home/platne/brasserwis/public_html/comparator/vqmod/xml/seo-single-url-home-continue.xml
   id        : SEO Single Url - Continue Home Link
   version   : 1
   vqmver    : 2.1.7
   author    : www.zadenzo.com

File Name    : catalog/controller/product/*.php(0)
VQModObject::applyMod - SEARCH NOT FOUND (ABORTING MOD): $this->url->link('common/home')
----------------------------------------------------------------------


---------- Date: 2016-06-01 05:47:18 ~ IP : 217.153.155.162 ----------
REQUEST URI : /index.php?route=product/ajaxcompare/compare_list
MOD DETAILS:
   modFile   : /home/platne/brasserwis/public_html/comparator/vqmod/xml/seo-single-url-home-continue.xml
   id        : SEO Single Url - Continue Home Link
   version   : 1
   vqmver    : 2.1.7
   author    : www.zadenzo.com

File Name    : catalog/controller/product/*.php(0)
VQModObject::applyMod - SEARCH NOT FOUND (ABORTING MOD): $this->url->link('common/home')
----------------------------------------------------------------------


---------- Date: 2016-06-01 06:12:07 ~ IP : 82.147.66.191 ----------
REQUEST URI : /index.php?route=product/ajaxcompare/compare_list
MOD DETAILS:
   modFile   : /home/platne/brasserwis/public_html/comparator/vqmod/xml/seo-single-url-home-continue.xml
   id        : SEO Single Url - Continue Home Link
   version   : 1
   vqmver    : 2.1.7
   author    : www.zadenzo.com

File Name    : catalog/controller/product/*.php(0)
VQModObject::applyMod - SEARCH NOT FOUND (ABORTING MOD): $this->url->link('common/home')
----------------------------------------------------------------------


---------- Date: 2016-06-01 06:12:16 ~ IP : 82.147.66.191 ----------
REQUEST URI : /index.php?route=product/ajaxcompare/compare_list
MOD DETAILS:
   modFile   : /home/platne/brasserwis/public_html/comparator/vqmod/xml/seo-single-url-home-continue.xml
   id        : SEO Single Url - Continue Home Link
   version   : 1
   vqmver    : 2.1.7
   author    : www.zadenzo.com

File Name    : catalog/controller/product/*.php(0)
VQModObject::applyMod - SEARCH NOT FOUND (ABORTING MOD): $this->url->link('common/home')
----------------------------------------------------------------------


---------- Date: 2016-06-01 06:19:22 ~ IP : 217.118.78.114 ----------
REQUEST URI : /index.php?route=product/ajaxcompare/compare_list
MOD DETAILS:
   modFile   : /home/platne/brasserwis/public_html/comparator/vqmod/xml/seo-single-url-home-continue.xml
   id        : SEO Single Url - Continue Home Link
   version   : 1
   vqmver    : 2.1.7
   author    : www.zadenzo.com

File Name    : catalog/controller/product/*.php(0)
VQModObject::applyMod - SEARCH NOT FOUND (ABORTING MOD): $this->url->link('common/home')
----------------------------------------------------------------------


---------- Date: 2016-06-01 07:19:15 ~ IP : 109.194.121.132 ----------
REQUEST URI : /index.php?route=product/ajaxcompare/compare_list
MOD DETAILS:
   modFile   : /home/platne/brasserwis/public_html/comparator/vqmod/xml/seo-single-url-home-continue.xml
   id        : SEO Single Url - Continue Home Link
   version   : 1
   vqmver    : 2.1.7
   author    : www.zadenzo.com

File Name    : catalog/controller/product/*.php(0)
VQModObject::applyMod - SEARCH NOT FOUND (ABORTING MOD): $this->url->link('common/home')
----------------------------------------------------------------------


---------- Date: 2016-06-01 07:45:18 ~ IP : 82.207.30.106 ----------
REQUEST URI : /index.php?route=product/ajaxcompare/compare_list
MOD DETAILS:
   modFile   : /home/platne/brasserwis/public_html/comparator/vqmod/xml/seo-single-url-home-continue.xml
   id        : SEO Single Url - Continue Home Link
   version   : 1
   vqmver    : 2.1.7
   author    : www.zadenzo.com

File Name    : catalog/controller/product/*.php(0)
VQModObject::applyMod - SEARCH NOT FOUND (ABORTING MOD): $this->url->link('common/home')
----------------------------------------------------------------------


---------- Date: 2016-06-01 08:16:11 ~ IP : 66.249.78.105 ----------
REQUEST URI : /index.php?route=product/ajaxcompare/compare_list
MOD DETAILS:
   modFile   : /home/platne/brasserwis/public_html/comparator/vqmod/xml/seo-single-url-home-continue.xml
   id        : SEO Single Url - Continue Home Link
   version   : 1
   vqmver    : 2.1.7
   author    : www.zadenzo.com

File Name    : catalog/controller/product/*.php(0)
VQModObject::applyMod - SEARCH NOT FOUND (ABORTING MOD): $this->url->link('common/home')
----------------------------------------------------------------------


---------- Date: 2016-06-01 08:38:50 ~ IP : 188.162.166.151 ----------
REQUEST URI : /index.php?route=product/ajaxcompare/compare_list
MOD DETAILS:
   modFile   : /home/platne/brasserwis/public_html/comparator/vqmod/xml/seo-single-url-home-continue.xml
   id        : SEO Single Url - Continue Home Link
   version   : 1
   vqmver    : 2.1.7
   author    : www.zadenzo.com

File Name    : catalog/controller/product/*.php(0)
VQModObject::applyMod - SEARCH NOT FOUND (ABORTING MOD): $this->url->link('common/home')
----------------------------------------------------------------------


---------- Date: 2016-06-01 08:50:14 ~ IP : 217.118.78.114 ----------
REQUEST URI : /index.php?route=product/ajaxcompare/compare_list
MOD DETAILS:
   modFile   : /home/platne/brasserwis/public_html/comparator/vqmod/xml/seo-single-url-home-continue.xml
   id        : SEO Single Url - Continue Home Link
   version   : 1
   vqmver    : 2.1.7
   author    : www.zadenzo.com

File Name    : catalog/controller/product/*.php(0)
VQModObject::applyMod - SEARCH NOT FOUND (ABORTING MOD): $this->url->link('common/home')
----------------------------------------------------------------------


---------- Date: 2016-06-01 09:49:05 ~ IP : 82.147.66.191 ----------
REQUEST URI : /index.php?route=product/ajaxcompare/compare_list
MOD DETAILS:
   modFile   : /home/platne/brasserwis/public_html/comparator/vqmod/xml/seo-single-url-home-continue.xml
   id        : SEO Single Url - Continue Home Link
   version   : 1
   vqmver    : 2.1.7
   author    : www.zadenzo.com

File Name    : catalog/controller/product/*.php(0)
VQModObject::applyMod - SEARCH NOT FOUND (ABORTING MOD): $this->url->link('common/home')
----------------------------------------------------------------------


---------- Date: 2016-06-01 10:38:46 ~ IP : 198.208.27.68 ----------
REQUEST URI : /index.php?route=product/ajaxcompare/compare_list
MOD DETAILS:
   modFile   : /home/platne/brasserwis/public_html/comparator/vqmod/xml/seo-single-url-home-continue.xml
   id        : SEO Single Url - Continue Home Link
   version   : 1
   vqmver    : 2.1.7
   author    : www.zadenzo.com

File Name    : catalog/controller/product/*.php(0)
VQModObject::applyMod - SEARCH NOT FOUND (ABORTING MOD): $this->url->link('common/home')
----------------------------------------------------------------------


---------- Date: 2016-06-01 10:39:05 ~ IP : 198.208.27.68 ----------
REQUEST URI : /index.php?route=product/ajaxcompare/compare_list
MOD DETAILS:
   modFile   : /home/platne/brasserwis/public_html/comparator/vqmod/xml/seo-single-url-home-continue.xml
   id        : SEO Single Url - Continue Home Link
   version   : 1
   vqmver    : 2.1.7
   author    : www.zadenzo.com

File Name    : catalog/controller/product/*.php(0)
VQModObject::applyMod - SEARCH NOT FOUND (ABORTING MOD): $this->url->link('common/home')
----------------------------------------------------------------------


---------- Date: 2016-06-01 10:39:27 ~ IP : 198.208.27.68 ----------
REQUEST URI : /index.php?route=product/ajaxcompare/compare_list
MOD DETAILS:
   modFile   : /home/platne/brasserwis/public_html/comparator/vqmod/xml/seo-single-url-home-continue.xml
   id        : SEO Single Url - Continue Home Link
   version   : 1
   vqmver    : 2.1.7
   author    : www.zadenzo.com

File Name    : catalog/controller/product/*.php(0)
VQModObject::applyMod - SEARCH NOT FOUND (ABORTING MOD): $this->url->link('common/home')
----------------------------------------------------------------------


---------- Date: 2016-06-01 10:39:36 ~ IP : 198.208.27.68 ----------
REQUEST URI : /index.php?route=product/ajaxcompare/compare_list
MOD DETAILS:
   modFile   : /home/platne/brasserwis/public_html/comparator/vqmod/xml/seo-single-url-home-continue.xml
   id        : SEO Single Url - Continue Home Link
   version   : 1
   vqmver    : 2.1.7
   author    : www.zadenzo.com

File Name    : catalog/controller/product/*.php(0)
VQModObject::applyMod - SEARCH NOT FOUND (ABORTING MOD): $this->url->link('common/home')
----------------------------------------------------------------------


---------- Date: 2016-06-01 10:39:57 ~ IP : 198.208.27.68 ----------
REQUEST URI : /index.php?route=product/ajaxcompare/compare_list
MOD DETAILS:
   modFile   : /home/platne/brasserwis/public_html/comparator/vqmod/xml/seo-single-url-home-continue.xml
   id        : SEO Single Url - Continue Home Link
   version   : 1
   vqmver    : 2.1.7
   author    : www.zadenzo.com

File Name    : catalog/controller/product/*.php(0)
VQModObject::applyMod - SEARCH NOT FOUND (ABORTING MOD): $this->url->link('common/home')
----------------------------------------------------------------------


---------- Date: 2016-06-01 10:40:01 ~ IP : 198.208.27.68 ----------
REQUEST URI : /index.php?route=product/ajaxcompare/compare_list
MOD DETAILS:
   modFile   : /home/platne/brasserwis/public_html/comparator/vqmod/xml/seo-single-url-home-continue.xml
   id        : SEO Single Url - Continue Home Link
   version   : 1
   vqmver    : 2.1.7
   author    : www.zadenzo.com

File Name    : catalog/controller/product/*.php(0)
VQModObject::applyMod - SEARCH NOT FOUND (ABORTING MOD): $this->url->link('common/home')
----------------------------------------------------------------------


---------- Date: 2016-06-01 10:40:14 ~ IP : 198.208.27.68 ----------
REQUEST URI : /index.php?route=product/ajaxcompare/compare_list
MOD DETAILS:
   modFile   : /home/platne/brasserwis/public_html/comparator/vqmod/xml/seo-single-url-home-continue.xml
   id        : SEO Single Url - Continue Home Link
   version   : 1
   vqmver    : 2.1.7
   author    : www.zadenzo.com

File Name    : catalog/controller/product/*.php(0)
VQModObject::applyMod - SEARCH NOT FOUND (ABORTING MOD): $this->url->link('common/home')
----------------------------------------------------------------------


---------- Date: 2016-06-01 10:40:16 ~ IP : 198.208.27.68 ----------
REQUEST URI : /index.php?route=product/ajaxcompare/compare_list
MOD DETAILS:
   modFile   : /home/platne/brasserwis/public_html/comparator/vqmod/xml/seo-single-url-home-continue.xml
   id        : SEO Single Url - Continue Home Link
   version   : 1
   vqmver    : 2.1.7
   author    : www.zadenzo.com

File Name    : catalog/controller/product/*.php(0)
VQModObject::applyMod - SEARCH NOT FOUND (ABORTING MOD): $this->url->link('common/home')
----------------------------------------------------------------------


---------- Date: 2016-06-01 10:40:17 ~ IP : 198.208.27.68 ----------
REQUEST URI : /index.php?route=product/ajaxcompare/compare_list
MOD DETAILS:
   modFile   : /home/platne/brasserwis/public_html/comparator/vqmod/xml/seo-single-url-home-continue.xml
   id        : SEO Single Url - Continue Home Link
   version   : 1
   vqmver    : 2.1.7
   author    : www.zadenzo.com

File Name    : catalog/controller/product/*.php(0)
VQModObject::applyMod - SEARCH NOT FOUND (ABORTING MOD): $this->url->link('common/home')
----------------------------------------------------------------------


---------- Date: 2016-06-01 10:40:21 ~ IP : 198.208.27.68 ----------
REQUEST URI : /index.php?route=product/ajaxcompare/compare_list
MOD DETAILS:
   modFile   : /home/platne/brasserwis/public_html/comparator/vqmod/xml/seo-single-url-home-continue.xml
   id        : SEO Single Url - Continue Home Link
   version   : 1
   vqmver    : 2.1.7
   author    : www.zadenzo.com

File Name    : catalog/controller/product/*.php(0)
VQModObject::applyMod - SEARCH NOT FOUND (ABORTING MOD): $this->url->link('common/home')
----------------------------------------------------------------------


---------- Date: 2016-06-01 10:40:23 ~ IP : 198.208.27.68 ----------
REQUEST URI : /index.php?route=product/ajaxcompare/compare_list
MOD DETAILS:
   modFile   : /home/platne/brasserwis/public_html/comparator/vqmod/xml/seo-single-url-home-continue.xml
   id        : SEO Single Url - Continue Home Link
   version   : 1
   vqmver    : 2.1.7
   author    : www.zadenzo.com

File Name    : catalog/controller/product/*.php(0)
VQModObject::applyMod - SEARCH NOT FOUND (ABORTING MOD): $this->url->link('common/home')
----------------------------------------------------------------------


---------- Date: 2016-06-01 10:40:25 ~ IP : 198.208.27.68 ----------
REQUEST URI : /index.php?route=product/ajaxcompare/compare_list
MOD DETAILS:
   modFile   : /home/platne/brasserwis/public_html/comparator/vqmod/xml/seo-single-url-home-continue.xml
   id        : SEO Single Url - Continue Home Link
   version   : 1
   vqmver    : 2.1.7
   author    : www.zadenzo.com

File Name    : catalog/controller/product/*.php(0)
VQModObject::applyMod - SEARCH NOT FOUND (ABORTING MOD): $this->url->link('common/home')
----------------------------------------------------------------------


---------- Date: 2016-06-01 10:40:30 ~ IP : 198.208.27.68 ----------
REQUEST URI : /index.php?route=product/ajaxcompare/compare_list
MOD DETAILS:
   modFile   : /home/platne/brasserwis/public_html/comparator/vqmod/xml/seo-single-url-home-continue.xml
   id        : SEO Single Url - Continue Home Link
   version   : 1
   vqmver    : 2.1.7
   author    : www.zadenzo.com

File Name    : catalog/controller/product/*.php(0)
VQModObject::applyMod - SEARCH NOT FOUND (ABORTING MOD): $this->url->link('common/home')
----------------------------------------------------------------------


---------- Date: 2016-06-01 10:40:33 ~ IP : 198.208.27.68 ----------
REQUEST URI : /index.php?route=product/ajaxcompare/compare_list
MOD DETAILS:
   modFile   : /home/platne/brasserwis/public_html/comparator/vqmod/xml/seo-single-url-home-continue.xml
   id        : SEO Single Url - Continue Home Link
   version   : 1
   vqmver    : 2.1.7
   author    : www.zadenzo.com

File Name    : catalog/controller/product/*.php(0)
VQModObject::applyMod - SEARCH NOT FOUND (ABORTING MOD): $this->url->link('common/home')
----------------------------------------------------------------------


---------- Date: 2016-06-01 10:40:37 ~ IP : 198.208.27.68 ----------
REQUEST URI : /index.php?route=product/ajaxcompare/compare_list
MOD DETAILS:
   modFile   : /home/platne/brasserwis/public_html/comparator/vqmod/xml/seo-single-url-home-continue.xml
   id        : SEO Single Url - Continue Home Link
   version   : 1
   vqmver    : 2.1.7
   author    : www.zadenzo.com

File Name    : catalog/controller/product/*.php(0)
VQModObject::applyMod - SEARCH NOT FOUND (ABORTING MOD): $this->url->link('common/home')
----------------------------------------------------------------------


---------- Date: 2016-06-01 10:40:41 ~ IP : 198.208.27.68 ----------
REQUEST URI : /index.php?route=product/ajaxcompare/compare_list
MOD DETAILS:
   modFile   : /home/platne/brasserwis/public_html/comparator/vqmod/xml/seo-single-url-home-continue.xml
   id        : SEO Single Url - Continue Home Link
   version   : 1
   vqmver    : 2.1.7
   author    : www.zadenzo.com

File Name    : catalog/controller/product/*.php(0)
VQModObject::applyMod - SEARCH NOT FOUND (ABORTING MOD): $this->url->link('common/home')
----------------------------------------------------------------------


---------- Date: 2016-06-01 10:40:44 ~ IP : 198.208.27.68 ----------
REQUEST URI : /index.php?route=product/ajaxcompare/compare_list
MOD DETAILS:
   modFile   : /home/platne/brasserwis/public_html/comparator/vqmod/xml/seo-single-url-home-continue.xml
   id        : SEO Single Url - Continue Home Link
   version   : 1
   vqmver    : 2.1.7
   author    : www.zadenzo.com

File Name    : catalog/controller/product/*.php(0)
VQModObject::applyMod - SEARCH NOT FOUND (ABORTING MOD): $this->url->link('common/home')
----------------------------------------------------------------------


---------- Date: 2016-06-01 10:40:46 ~ IP : 198.208.27.68 ----------
REQUEST URI : /index.php?route=product/ajaxcompare/compare_list
MOD DETAILS:
   modFile   : /home/platne/brasserwis/public_html/comparator/vqmod/xml/seo-single-url-home-continue.xml
   id        : SEO Single Url - Continue Home Link
   version   : 1
   vqmver    : 2.1.7
   author    : www.zadenzo.com

File Name    : catalog/controller/product/*.php(0)
VQModObject::applyMod - SEARCH NOT FOUND (ABORTING MOD): $this->url->link('common/home')
----------------------------------------------------------------------


---------- Date: 2016-06-01 10:40:48 ~ IP : 198.208.27.68 ----------
REQUEST URI : /index.php?route=product/ajaxcompare/compare_list
MOD DETAILS:
   modFile   : /home/platne/brasserwis/public_html/comparator/vqmod/xml/seo-single-url-home-continue.xml
   id        : SEO Single Url - Continue Home Link
   version   : 1
   vqmver    : 2.1.7
   author    : www.zadenzo.com

File Name    : catalog/controller/product/*.php(0)
VQModObject::applyMod - SEARCH NOT FOUND (ABORTING MOD): $this->url->link('common/home')
----------------------------------------------------------------------


---------- Date: 2016-06-01 10:40:49 ~ IP : 198.208.27.68 ----------
REQUEST URI : /index.php?route=product/ajaxcompare/compare_list
MOD DETAILS:
   modFile   : /home/platne/brasserwis/public_html/comparator/vqmod/xml/seo-single-url-home-continue.xml
   id        : SEO Single Url - Continue Home Link
   version   : 1
   vqmver    : 2.1.7
   author    : www.zadenzo.com

File Name    : catalog/controller/product/*.php(0)
VQModObject::applyMod - SEARCH NOT FOUND (ABORTING MOD): $this->url->link('common/home')
----------------------------------------------------------------------


---------- Date: 2016-06-01 10:40:55 ~ IP : 198.208.27.68 ----------
REQUEST URI : /index.php?route=product/ajaxcompare/compare_list
MOD DETAILS:
   modFile   : /home/platne/brasserwis/public_html/comparator/vqmod/xml/seo-single-url-home-continue.xml
   id        : SEO Single Url - Continue Home Link
   version   : 1
   vqmver    : 2.1.7
   author    : www.zadenzo.com

File Name    : catalog/controller/product/*.php(0)
VQModObject::applyMod - SEARCH NOT FOUND (ABORTING MOD): $this->url->link('common/home')
----------------------------------------------------------------------


---------- Date: 2016-06-01 10:40:58 ~ IP : 198.208.27.68 ----------
REQUEST URI : /index.php?route=product/ajaxcompare/compare_list
MOD DETAILS:
   modFile   : /home/platne/brasserwis/public_html/comparator/vqmod/xml/seo-single-url-home-continue.xml
   id        : SEO Single Url - Continue Home Link
   version   : 1
   vqmver    : 2.1.7
   author    : www.zadenzo.com

File Name    : catalog/controller/product/*.php(0)
VQModObject::applyMod - SEARCH NOT FOUND (ABORTING MOD): $this->url->link('common/home')
----------------------------------------------------------------------


---------- Date: 2016-06-01 10:40:59 ~ IP : 198.208.27.68 ----------
REQUEST URI : /index.php?route=product/ajaxcompare/compare_list
MOD DETAILS:
   modFile   : /home/platne/brasserwis/public_html/comparator/vqmod/xml/seo-single-url-home-continue.xml
   id        : SEO Single Url - Continue Home Link
   version   : 1
   vqmver    : 2.1.7
   author    : www.zadenzo.com

File Name    : catalog/controller/product/*.php(0)
VQModObject::applyMod - SEARCH NOT FOUND (ABORTING MOD): $this->url->link('common/home')
----------------------------------------------------------------------


---------- Date: 2016-06-01 10:41:01 ~ IP : 198.208.27.68 ----------
REQUEST URI : /index.php?route=product/ajaxcompare/compare_list
MOD DETAILS:
   modFile   : /home/platne/brasserwis/public_html/comparator/vqmod/xml/seo-single-url-home-continue.xml
   id        : SEO Single Url - Continue Home Link
   version   : 1
   vqmver    : 2.1.7
   author    : www.zadenzo.com

File Name    : catalog/controller/product/*.php(0)
VQModObject::applyMod - SEARCH NOT FOUND (ABORTING MOD): $this->url->link('common/home')
----------------------------------------------------------------------


---------- Date: 2016-06-01 10:41:04 ~ IP : 198.208.27.68 ----------
REQUEST URI : /index.php?route=product/ajaxcompare/compare_list
MOD DETAILS:
   modFile   : /home/platne/brasserwis/public_html/comparator/vqmod/xml/seo-single-url-home-continue.xml
   id        : SEO Single Url - Continue Home Link
   version   : 1
   vqmver    : 2.1.7
   author    : www.zadenzo.com

File Name    : catalog/controller/product/*.php(0)
VQModObject::applyMod - SEARCH NOT FOUND (ABORTING MOD): $this->url->link('common/home')
----------------------------------------------------------------------


---------- Date: 2016-06-01 10:41:06 ~ IP : 198.208.27.68 ----------
REQUEST URI : /index.php?route=product/ajaxcompare/compare_list
MOD DETAILS:
   modFile   : /home/platne/brasserwis/public_html/comparator/vqmod/xml/seo-single-url-home-continue.xml
   id        : SEO Single Url - Continue Home Link
   version   : 1
   vqmver    : 2.1.7
   author    : www.zadenzo.com

File Name    : catalog/controller/product/*.php(0)
VQModObject::applyMod - SEARCH NOT FOUND (ABORTING MOD): $this->url->link('common/home')
----------------------------------------------------------------------


---------- Date: 2016-06-01 10:41:09 ~ IP : 198.208.27.68 ----------
REQUEST URI : /index.php?route=product/ajaxcompare/compare_list
MOD DETAILS:
   modFile   : /home/platne/brasserwis/public_html/comparator/vqmod/xml/seo-single-url-home-continue.xml
   id        : SEO Single Url - Continue Home Link
   version   : 1
   vqmver    : 2.1.7
   author    : www.zadenzo.com

File Name    : catalog/controller/product/*.php(0)
VQModObject::applyMod - SEARCH NOT FOUND (ABORTING MOD): $this->url->link('common/home')
----------------------------------------------------------------------


---------- Date: 2016-06-01 10:41:12 ~ IP : 198.208.27.68 ----------
REQUEST URI : /index.php?route=product/ajaxcompare/compare_list
MOD DETAILS:
   modFile   : /home/platne/brasserwis/public_html/comparator/vqmod/xml/seo-single-url-home-continue.xml
   id        : SEO Single Url - Continue Home Link
   version   : 1
   vqmver    : 2.1.7
   author    : www.zadenzo.com

File Name    : catalog/controller/product/*.php(0)
VQModObject::applyMod - SEARCH NOT FOUND (ABORTING MOD): $this->url->link('common/home')
----------------------------------------------------------------------


---------- Date: 2016-06-01 10:41:21 ~ IP : 198.208.27.68 ----------
REQUEST URI : /index.php?route=product/ajaxcompare/compare_list
MOD DETAILS:
   modFile   : /home/platne/brasserwis/public_html/comparator/vqmod/xml/seo-single-url-home-continue.xml
   id        : SEO Single Url - Continue Home Link
   version   : 1
   vqmver    : 2.1.7
   author    : www.zadenzo.com

File Name    : catalog/controller/product/*.php(0)
VQModObject::applyMod - SEARCH NOT FOUND (ABORTING MOD): $this->url->link('common/home')
----------------------------------------------------------------------


---------- Date: 2016-06-01 10:41:25 ~ IP : 198.208.27.68 ----------
REQUEST URI : /index.php?route=product/ajaxcompare/compare_list
MOD DETAILS:
   modFile   : /home/platne/brasserwis/public_html/comparator/vqmod/xml/seo-single-url-home-continue.xml
   id        : SEO Single Url - Continue Home Link
   version   : 1
   vqmver    : 2.1.7
   author    : www.zadenzo.com

File Name    : catalog/controller/product/*.php(0)
VQModObject::applyMod - SEARCH NOT FOUND (ABORTING MOD): $this->url->link('common/home')
----------------------------------------------------------------------


---------- Date: 2016-06-01 10:41:31 ~ IP : 198.208.27.68 ----------
REQUEST URI : /index.php?route=product/ajaxcompare/compare_list
MOD DETAILS:
   modFile   : /home/platne/brasserwis/public_html/comparator/vqmod/xml/seo-single-url-home-continue.xml
   id        : SEO Single Url - Continue Home Link
   version   : 1
   vqmver    : 2.1.7
   author    : www.zadenzo.com

File Name    : catalog/controller/product/*.php(0)
VQModObject::applyMod - SEARCH NOT FOUND (ABORTING MOD): $this->url->link('common/home')
----------------------------------------------------------------------


---------- Date: 2016-06-01 10:41:36 ~ IP : 198.208.27.68 ----------
REQUEST URI : /index.php?route=product/ajaxcompare/compare_list
MOD DETAILS:
   modFile   : /home/platne/brasserwis/public_html/comparator/vqmod/xml/seo-single-url-home-continue.xml
   id        : SEO Single Url - Continue Home Link
   version   : 1
   vqmver    : 2.1.7
   author    : www.zadenzo.com

File Name    : catalog/controller/product/*.php(0)
VQModObject::applyMod - SEARCH NOT FOUND (ABORTING MOD): $this->url->link('common/home')
----------------------------------------------------------------------


---------- Date: 2016-06-01 10:41:49 ~ IP : 198.208.27.68 ----------
REQUEST URI : /index.php?route=product/ajaxcompare/compare_list
MOD DETAILS:
   modFile   : /home/platne/brasserwis/public_html/comparator/vqmod/xml/seo-single-url-home-continue.xml
   id        : SEO Single Url - Continue Home Link
   version   : 1
   vqmver    : 2.1.7
   author    : www.zadenzo.com

File Name    : catalog/controller/product/*.php(0)
VQModObject::applyMod - SEARCH NOT FOUND (ABORTING MOD): $this->url->link('common/home')
----------------------------------------------------------------------


---------- Date: 2016-06-01 10:42:00 ~ IP : 198.208.27.68 ----------
REQUEST URI : /index.php?route=product/ajaxcompare/compare_list
MOD DETAILS:
   modFile   : /home/platne/brasserwis/public_html/comparator/vqmod/xml/seo-single-url-home-continue.xml
   id        : SEO Single Url - Continue Home Link
   version   : 1
   vqmver    : 2.1.7
   author    : www.zadenzo.com

File Name    : catalog/controller/product/*.php(0)
VQModObject::applyMod - SEARCH NOT FOUND (ABORTING MOD): $this->url->link('common/home')
----------------------------------------------------------------------


---------- Date: 2016-06-01 10:42:18 ~ IP : 198.208.27.68 ----------
REQUEST URI : /index.php?route=product/ajaxcompare/compare_list
MOD DETAILS:
   modFile   : /home/platne/brasserwis/public_html/comparator/vqmod/xml/seo-single-url-home-continue.xml
   id        : SEO Single Url - Continue Home Link
   version   : 1
   vqmver    : 2.1.7
   author    : www.zadenzo.com

File Name    : catalog/controller/product/*.php(0)
VQModObject::applyMod - SEARCH NOT FOUND (ABORTING MOD): $this->url->link('common/home')
----------------------------------------------------------------------


---------- Date: 2016-06-01 10:42:20 ~ IP : 198.208.27.68 ----------
REQUEST URI : /index.php?route=product/ajaxcompare/compare_list
MOD DETAILS:
   modFile   : /home/platne/brasserwis/public_html/comparator/vqmod/xml/seo-single-url-home-continue.xml
   id        : SEO Single Url - Continue Home Link
   version   : 1
   vqmver    : 2.1.7
   author    : www.zadenzo.com

File Name    : catalog/controller/product/*.php(0)
VQModObject::applyMod - SEARCH NOT FOUND (ABORTING MOD): $this->url->link('common/home')
----------------------------------------------------------------------


---------- Date: 2016-06-01 10:42:22 ~ IP : 198.208.27.68 ----------
REQUEST URI : /index.php?route=product/ajaxcompare/compare_list
MOD DETAILS:
   modFile   : /home/platne/brasserwis/public_html/comparator/vqmod/xml/seo-single-url-home-continue.xml
   id        : SEO Single Url - Continue Home Link
   version   : 1
   vqmver    : 2.1.7
   author    : www.zadenzo.com

File Name    : catalog/controller/product/*.php(0)
VQModObject::applyMod - SEARCH NOT FOUND (ABORTING MOD): $this->url->link('common/home')
----------------------------------------------------------------------


---------- Date: 2016-06-01 10:42:24 ~ IP : 198.208.27.68 ----------
REQUEST URI : /index.php?route=product/ajaxcompare/compare_list
MOD DETAILS:
   modFile   : /home/platne/brasserwis/public_html/comparator/vqmod/xml/seo-single-url-home-continue.xml
   id        : SEO Single Url - Continue Home Link
   version   : 1
   vqmver    : 2.1.7
   author    : www.zadenzo.com

File Name    : catalog/controller/product/*.php(0)
VQModObject::applyMod - SEARCH NOT FOUND (ABORTING MOD): $this->url->link('common/home')
----------------------------------------------------------------------


---------- Date: 2016-06-01 10:42:26 ~ IP : 198.208.27.68 ----------
REQUEST URI : /index.php?route=product/ajaxcompare/compare_list
MOD DETAILS:
   modFile   : /home/platne/brasserwis/public_html/comparator/vqmod/xml/seo-single-url-home-continue.xml
   id        : SEO Single Url - Continue Home Link
   version   : 1
   vqmver    : 2.1.7
   author    : www.zadenzo.com

File Name    : catalog/controller/product/*.php(0)
VQModObject::applyMod - SEARCH NOT FOUND (ABORTING MOD): $this->url->link('common/home')
----------------------------------------------------------------------


---------- Date: 2016-06-01 10:42:28 ~ IP : 198.208.27.68 ----------
REQUEST URI : /index.php?route=product/ajaxcompare/compare_list
MOD DETAILS:
   modFile   : /home/platne/brasserwis/public_html/comparator/vqmod/xml/seo-single-url-home-continue.xml
   id        : SEO Single Url - Continue Home Link
   version   : 1
   vqmver    : 2.1.7
   author    : www.zadenzo.com

File Name    : catalog/controller/product/*.php(0)
VQModObject::applyMod - SEARCH NOT FOUND (ABORTING MOD): $this->url->link('common/home')
----------------------------------------------------------------------


---------- Date: 2016-06-01 10:42:30 ~ IP : 198.208.27.68 ----------
REQUEST URI : /index.php?route=product/ajaxcompare/compare_list
MOD DETAILS:
   modFile   : /home/platne/brasserwis/public_html/comparator/vqmod/xml/seo-single-url-home-continue.xml
   id        : SEO Single Url - Continue Home Link
   version   : 1
   vqmver    : 2.1.7
   author    : www.zadenzo.com

File Name    : catalog/controller/product/*.php(0)
VQModObject::applyMod - SEARCH NOT FOUND (ABORTING MOD): $this->url->link('common/home')
----------------------------------------------------------------------


---------- Date: 2016-06-01 10:42:33 ~ IP : 198.208.27.68 ----------
REQUEST URI : /index.php?route=product/ajaxcompare/compare_list
MOD DETAILS:
   modFile   : /home/platne/brasserwis/public_html/comparator/vqmod/xml/seo-single-url-home-continue.xml
   id        : SEO Single Url - Continue Home Link
   version   : 1
   vqmver    : 2.1.7
   author    : www.zadenzo.com

File Name    : catalog/controller/product/*.php(0)
VQModObject::applyMod - SEARCH NOT FOUND (ABORTING MOD): $this->url->link('common/home')
----------------------------------------------------------------------


---------- Date: 2016-06-01 10:42:35 ~ IP : 198.208.27.68 ----------
REQUEST URI : /index.php?route=product/ajaxcompare/compare_list
MOD DETAILS:
   modFile   : /home/platne/brasserwis/public_html/comparator/vqmod/xml/seo-single-url-home-continue.xml
   id        : SEO Single Url - Continue Home Link
   version   : 1
   vqmver    : 2.1.7
   author    : www.zadenzo.com

File Name    : catalog/controller/product/*.php(0)
VQModObject::applyMod - SEARCH NOT FOUND (ABORTING MOD): $this->url->link('common/home')
----------------------------------------------------------------------


---------- Date: 2016-06-01 10:42:37 ~ IP : 198.208.27.68 ----------
REQUEST URI : /index.php?route=product/ajaxcompare/compare_list
MOD DETAILS:
   modFile   : /home/platne/brasserwis/public_html/comparator/vqmod/xml/seo-single-url-home-continue.xml
   id        : SEO Single Url - Continue Home Link
   version   : 1
   vqmver    : 2.1.7
   author    : www.zadenzo.com

File Name    : catalog/controller/product/*.php(0)
VQModObject::applyMod - SEARCH NOT FOUND (ABORTING MOD): $this->url->link('common/home')
----------------------------------------------------------------------


---------- Date: 2016-06-01 10:42:40 ~ IP : 198.208.27.68 ----------
REQUEST URI : /index.php?route=product/ajaxcompare/compare_list
MOD DETAILS:
   modFile   : /home/platne/brasserwis/public_html/comparator/vqmod/xml/seo-single-url-home-continue.xml
   id        : SEO Single Url - Continue Home Link
   version   : 1
   vqmver    : 2.1.7
   author    : www.zadenzo.com

File Name    : catalog/controller/product/*.php(0)
VQModObject::applyMod - SEARCH NOT FOUND (ABORTING MOD): $this->url->link('common/home')
----------------------------------------------------------------------


---------- Date: 2016-06-01 10:42:43 ~ IP : 198.208.27.68 ----------
REQUEST URI : /index.php?route=product/ajaxcompare/compare_list
MOD DETAILS:
   modFile   : /home/platne/brasserwis/public_html/comparator/vqmod/xml/seo-single-url-home-continue.xml
   id        : SEO Single Url - Continue Home Link
   version   : 1
   vqmver    : 2.1.7
   author    : www.zadenzo.com

File Name    : catalog/controller/product/*.php(0)
VQModObject::applyMod - SEARCH NOT FOUND (ABORTING MOD): $this->url->link('common/home')
----------------------------------------------------------------------


---------- Date: 2016-06-01 10:42:46 ~ IP : 198.208.27.68 ----------
REQUEST URI : /index.php?route=product/ajaxcompare/compare_list
MOD DETAILS:
   modFile   : /home/platne/brasserwis/public_html/comparator/vqmod/xml/seo-single-url-home-continue.xml
   id        : SEO Single Url - Continue Home Link
   version   : 1
   vqmver    : 2.1.7
   author    : www.zadenzo.com

File Name    : catalog/controller/product/*.php(0)
VQModObject::applyMod - SEARCH NOT FOUND (ABORTING MOD): $this->url->link('common/home')
----------------------------------------------------------------------


---------- Date: 2016-06-01 11:25:37 ~ IP : 66.249.78.112 ----------
REQUEST URI : /index.php?route=product/ajaxcompare/compare_list
MOD DETAILS:
   modFile   : /home/platne/brasserwis/public_html/comparator/vqmod/xml/seo-single-url-home-continue.xml
   id        : SEO Single Url - Continue Home Link
   version   : 1
   vqmver    : 2.1.7
   author    : www.zadenzo.com

File Name    : catalog/controller/product/*.php(0)
VQModObject::applyMod - SEARCH NOT FOUND (ABORTING MOD): $this->url->link('common/home')
----------------------------------------------------------------------


---------- Date: 2016-06-01 11:51:48 ~ IP : 157.55.2.190 ----------
REQUEST URI : /index.php?route=product/ajaxcompare/compare_list
MOD DETAILS:
   modFile   : /home/platne/brasserwis/public_html/comparator/vqmod/xml/seo-single-url-home-continue.xml
   id        : SEO Single Url - Continue Home Link
   version   : 1
   vqmver    : 2.1.7
   author    : www.zadenzo.com

File Name    : catalog/controller/product/*.php(0)
VQModObject::applyMod - SEARCH NOT FOUND (ABORTING MOD): $this->url->link('common/home')
----------------------------------------------------------------------


---------- Date: 2016-06-01 13:08:41 ~ IP : 143.0.114.108 ----------
REQUEST URI : /index.php?route=product/ajaxcompare/compare_list
MOD DETAILS:
   modFile   : /home/platne/brasserwis/public_html/comparator/vqmod/xml/seo-single-url-home-continue.xml
   id        : SEO Single Url - Continue Home Link
   version   : 1
   vqmver    : 2.1.7
   author    : www.zadenzo.com

File Name    : catalog/controller/product/*.php(0)
VQModObject::applyMod - SEARCH NOT FOUND (ABORTING MOD): $this->url->link('common/home')
----------------------------------------------------------------------


---------- Date: 2016-06-01 13:53:07 ~ IP : 188.86.93.43 ----------
REQUEST URI : /index.php?route=product/ajaxcompare/compare_list
MOD DETAILS:
   modFile   : /home/platne/brasserwis/public_html/comparator/vqmod/xml/seo-single-url-home-continue.xml
   id        : SEO Single Url - Continue Home Link
   version   : 1
   vqmver    : 2.1.7
   author    : www.zadenzo.com

File Name    : catalog/controller/product/*.php(0)
VQModObject::applyMod - SEARCH NOT FOUND (ABORTING MOD): $this->url->link('common/home')
----------------------------------------------------------------------


---------- Date: 2016-06-01 13:53:11 ~ IP : 188.86.93.43 ----------
REQUEST URI : /index.php?route=product/ajaxcompare/compare_list
MOD DETAILS:
   modFile   : /home/platne/brasserwis/public_html/comparator/vqmod/xml/seo-single-url-home-continue.xml
   id        : SEO Single Url - Continue Home Link
   version   : 1
   vqmver    : 2.1.7
   author    : www.zadenzo.com

File Name    : catalog/controller/product/*.php(0)
VQModObject::applyMod - SEARCH NOT FOUND (ABORTING MOD): $this->url->link('common/home')
----------------------------------------------------------------------


---------- Date: 2016-06-01 13:53:19 ~ IP : 188.86.93.43 ----------
REQUEST URI : /index.php?route=product/ajaxcompare/compare_list
MOD DETAILS:
   modFile   : /home/platne/brasserwis/public_html/comparator/vqmod/xml/seo-single-url-home-continue.xml
   id        : SEO Single Url - Continue Home Link
   version   : 1
   vqmver    : 2.1.7
   author    : www.zadenzo.com

File Name    : catalog/controller/product/*.php(0)
VQModObject::applyMod - SEARCH NOT FOUND (ABORTING MOD): $this->url->link('common/home')
----------------------------------------------------------------------


---------- Date: 2016-06-01 13:53:26 ~ IP : 188.86.93.43 ----------
REQUEST URI : /index.php?route=product/ajaxcompare/compare_list
MOD DETAILS:
   modFile   : /home/platne/brasserwis/public_html/comparator/vqmod/xml/seo-single-url-home-continue.xml
   id        : SEO Single Url - Continue Home Link
   version   : 1
   vqmver    : 2.1.7
   author    : www.zadenzo.com

File Name    : catalog/controller/product/*.php(0)
VQModObject::applyMod - SEARCH NOT FOUND (ABORTING MOD): $this->url->link('common/home')
----------------------------------------------------------------------


---------- Date: 2016-06-01 14:29:22 ~ IP : 194.50.160.10 ----------
REQUEST URI : /index.php?route=product/ajaxcompare/compare_list
MOD DETAILS:
   modFile   : /home/platne/brasserwis/public_html/comparator/vqmod/xml/seo-single-url-home-continue.xml
   id        : SEO Single Url - Continue Home Link
   version   : 1
   vqmver    : 2.1.7
   author    : www.zadenzo.com

File Name    : catalog/controller/product/*.php(0)
VQModObject::applyMod - SEARCH NOT FOUND (ABORTING MOD): $this->url->link('common/home')
----------------------------------------------------------------------


---------- Date: 2016-06-01 14:29:38 ~ IP : 194.50.160.10 ----------
REQUEST URI : /index.php?route=product/ajaxcompare/compare_list
MOD DETAILS:
   modFile   : /home/platne/brasserwis/public_html/comparator/vqmod/xml/seo-single-url-home-continue.xml
   id        : SEO Single Url - Continue Home Link
   version   : 1
   vqmver    : 2.1.7
   author    : www.zadenzo.com

File Name    : catalog/controller/product/*.php(0)
VQModObject::applyMod - SEARCH NOT FOUND (ABORTING MOD): $this->url->link('common/home')
----------------------------------------------------------------------


---------- Date: 2016-06-01 14:29:43 ~ IP : 194.50.160.10 ----------
REQUEST URI : /index.php?route=product/ajaxcompare/compare_list
MOD DETAILS:
   modFile   : /home/platne/brasserwis/public_html/comparator/vqmod/xml/seo-single-url-home-continue.xml
   id        : SEO Single Url - Continue Home Link
   version   : 1
   vqmver    : 2.1.7
   author    : www.zadenzo.com

File Name    : catalog/controller/product/*.php(0)
VQModObject::applyMod - SEARCH NOT FOUND (ABORTING MOD): $this->url->link('common/home')
----------------------------------------------------------------------


---------- Date: 2016-06-01 14:30:06 ~ IP : 194.50.160.10 ----------
REQUEST URI : /index.php?route=product/ajaxcompare/compare_list
MOD DETAILS:
   modFile   : /home/platne/brasserwis/public_html/comparator/vqmod/xml/seo-single-url-home-continue.xml
   id        : SEO Single Url - Continue Home Link
   version   : 1
   vqmver    : 2.1.7
   author    : www.zadenzo.com

File Name    : catalog/controller/product/*.php(0)
VQModObject::applyMod - SEARCH NOT FOUND (ABORTING MOD): $this->url->link('common/home')
----------------------------------------------------------------------


---------- Date: 2016-06-01 14:30:17 ~ IP : 194.50.160.10 ----------
REQUEST URI : /index.php?route=product/ajaxcompare/compare_list
MOD DETAILS:
   modFile   : /home/platne/brasserwis/public_html/comparator/vqmod/xml/seo-single-url-home-continue.xml
   id        : SEO Single Url - Continue Home Link
   version   : 1
   vqmver    : 2.1.7
   author    : www.zadenzo.com

File Name    : catalog/controller/product/*.php(0)
VQModObject::applyMod - SEARCH NOT FOUND (ABORTING MOD): $this->url->link('common/home')
----------------------------------------------------------------------


---------- Date: 2016-06-01 14:30:22 ~ IP : 194.50.160.10 ----------
REQUEST URI : /index.php?route=product/ajaxcompare/compare_list
MOD DETAILS:
   modFile   : /home/platne/brasserwis/public_html/comparator/vqmod/xml/seo-single-url-home-continue.xml
   id        : SEO Single Url - Continue Home Link
   version   : 1
   vqmver    : 2.1.7
   author    : www.zadenzo.com

File Name    : catalog/controller/product/*.php(0)
VQModObject::applyMod - SEARCH NOT FOUND (ABORTING MOD): $this->url->link('common/home')
----------------------------------------------------------------------


---------- Date: 2016-06-01 14:30:26 ~ IP : 194.50.160.10 ----------
REQUEST URI : /index.php?route=product/ajaxcompare/compare_list
MOD DETAILS:
   modFile   : /home/platne/brasserwis/public_html/comparator/vqmod/xml/seo-single-url-home-continue.xml
   id        : SEO Single Url - Continue Home Link
   version   : 1
   vqmver    : 2.1.7
   author    : www.zadenzo.com

File Name    : catalog/controller/product/*.php(0)
VQModObject::applyMod - SEARCH NOT FOUND (ABORTING MOD): $this->url->link('common/home')
----------------------------------------------------------------------


---------- Date: 2016-06-01 14:31:14 ~ IP : 194.50.160.10 ----------
REQUEST URI : /index.php?route=product/ajaxcompare/compare_list
MOD DETAILS:
   modFile   : /home/platne/brasserwis/public_html/comparator/vqmod/xml/seo-single-url-home-continue.xml
   id        : SEO Single Url - Continue Home Link
   version   : 1
   vqmver    : 2.1.7
   author    : www.zadenzo.com

File Name    : catalog/controller/product/*.php(0)
VQModObject::applyMod - SEARCH NOT FOUND (ABORTING MOD): $this->url->link('common/home')
----------------------------------------------------------------------


---------- Date: 2016-06-01 14:31:25 ~ IP : 194.50.160.10 ----------
REQUEST URI : /index.php?route=product/ajaxcompare/compare_list
MOD DETAILS:
   modFile   : /home/platne/brasserwis/public_html/comparator/vqmod/xml/seo-single-url-home-continue.xml
   id        : SEO Single Url - Continue Home Link
   version   : 1
   vqmver    : 2.1.7
   author    : www.zadenzo.com

File Name    : catalog/controller/product/*.php(0)
VQModObject::applyMod - SEARCH NOT FOUND (ABORTING MOD): $this->url->link('common/home')
----------------------------------------------------------------------


---------- Date: 2016-06-01 14:31:41 ~ IP : 194.50.160.10 ----------
REQUEST URI : /index.php?route=product/ajaxcompare/add
MOD DETAILS:
   modFile   : /home/platne/brasserwis/public_html/comparator/vqmod/xml/seo-single-url-home-continue.xml
   id        : SEO Single Url - Continue Home Link
   version   : 1
   vqmver    : 2.1.7
   author    : www.zadenzo.com

File Name    : catalog/controller/product/*.php(0)
VQModObject::applyMod - SEARCH NOT FOUND (ABORTING MOD): $this->url->link('common/home')
----------------------------------------------------------------------


---------- Date: 2016-06-01 14:31:41 ~ IP : 194.50.160.10 ----------
REQUEST URI : /index.php?route=product/ajaxcompare/add
MOD DETAILS:
   modFile   : /home/platne/brasserwis/public_html/comparator/vqmod/xml/seo-single-url-home-continue.xml
   id        : SEO Single Url - Continue Home Link
   version   : 1
   vqmver    : 2.1.7
   author    : www.zadenzo.com

File Name    : catalog/controller/product/*.php(0)
VQModObject::applyMod - SEARCH NOT FOUND (ABORTING MOD): $this->url->link('common/home')
----------------------------------------------------------------------


---------- Date: 2016-06-01 14:31:41 ~ IP : 194.50.160.10 ----------
REQUEST URI : /index.php?route=product/ajaxcompare/compare_list
MOD DETAILS:
   modFile   : /home/platne/brasserwis/public_html/comparator/vqmod/xml/seo-single-url-home-continue.xml
   id        : SEO Single Url - Continue Home Link
   version   : 1
   vqmver    : 2.1.7
   author    : www.zadenzo.com

File Name    : catalog/controller/product/*.php(0)
VQModObject::applyMod - SEARCH NOT FOUND (ABORTING MOD): $this->url->link('common/home')
----------------------------------------------------------------------


---------- Date: 2016-06-01 14:31:41 ~ IP : 194.50.160.10 ----------
REQUEST URI : /index.php?route=product/ajaxcompare/compare_list
MOD DETAILS:
   modFile   : /home/platne/brasserwis/public_html/comparator/vqmod/xml/seo-single-url-home-continue.xml
   id        : SEO Single Url - Continue Home Link
   version   : 1
   vqmver    : 2.1.7
   author    : www.zadenzo.com

File Name    : catalog/controller/product/*.php(0)
VQModObject::applyMod - SEARCH NOT FOUND (ABORTING MOD): $this->url->link('common/home')
----------------------------------------------------------------------


---------- Date: 2016-06-01 14:31:51 ~ IP : 194.50.160.10 ----------
REQUEST URI : /index.php?route=product/ajaxcompare/add
MOD DETAILS:
   modFile   : /home/platne/brasserwis/public_html/comparator/vqmod/xml/seo-single-url-home-continue.xml
   id        : SEO Single Url - Continue Home Link
   version   : 1
   vqmver    : 2.1.7
   author    : www.zadenzo.com

File Name    : catalog/controller/product/*.php(0)
VQModObject::applyMod - SEARCH NOT FOUND (ABORTING MOD): $this->url->link('common/home')
----------------------------------------------------------------------


---------- Date: 2016-06-01 14:31:51 ~ IP : 194.50.160.10 ----------
REQUEST URI : /index.php?route=product/ajaxcompare/add
MOD DETAILS:
   modFile   : /home/platne/brasserwis/public_html/comparator/vqmod/xml/seo-single-url-home-continue.xml
   id        : SEO Single Url - Continue Home Link
   version   : 1
   vqmver    : 2.1.7
   author    : www.zadenzo.com

File Name    : catalog/controller/product/*.php(0)
VQModObject::applyMod - SEARCH NOT FOUND (ABORTING MOD): $this->url->link('common/home')
----------------------------------------------------------------------


---------- Date: 2016-06-01 14:31:51 ~ IP : 194.50.160.10 ----------
REQUEST URI : /index.php?route=product/ajaxcompare/compare_list
MOD DETAILS:
   modFile   : /home/platne/brasserwis/public_html/comparator/vqmod/xml/seo-single-url-home-continue.xml
   id        : SEO Single Url - Continue Home Link
   version   : 1
   vqmver    : 2.1.7
   author    : www.zadenzo.com

File Name    : catalog/controller/product/*.php(0)
VQModObject::applyMod - SEARCH NOT FOUND (ABORTING MOD): $this->url->link('common/home')
----------------------------------------------------------------------


---------- Date: 2016-06-01 14:31:51 ~ IP : 194.50.160.10 ----------
REQUEST URI : /index.php?route=product/ajaxcompare/compare_list
MOD DETAILS:
   modFile   : /home/platne/brasserwis/public_html/comparator/vqmod/xml/seo-single-url-home-continue.xml
   id        : SEO Single Url - Continue Home Link
   version   : 1
   vqmver    : 2.1.7
   author    : www.zadenzo.com

File Name    : catalog/controller/product/*.php(0)
VQModObject::applyMod - SEARCH NOT FOUND (ABORTING MOD): $this->url->link('common/home')
----------------------------------------------------------------------


---------- Date: 2016-06-01 14:45:28 ~ IP : 36.255.14.83 ----------
REQUEST URI : /index.php?route=product/ajaxcompare/compare_list
MOD DETAILS:
   modFile   : /home/platne/brasserwis/public_html/comparator/vqmod/xml/seo-single-url-home-continue.xml
   id        : SEO Single Url - Continue Home Link
   version   : 1
   vqmver    : 2.1.7
   author    : www.zadenzo.com

File Name    : catalog/controller/product/*.php(0)
VQModObject::applyMod - SEARCH NOT FOUND (ABORTING MOD): $this->url->link('common/home')
----------------------------------------------------------------------


---------- Date: 2016-06-01 15:30:53 ~ IP : 131.253.25.136 ----------
REQUEST URI : /index.php?route=product/ajaxcompare/compare_list
MOD DETAILS:
   modFile   : /home/platne/brasserwis/public_html/comparator/vqmod/xml/seo-single-url-home-continue.xml
   id        : SEO Single Url - Continue Home Link
   version   : 1
   vqmver    : 2.1.7
   author    : www.zadenzo.com

File Name    : catalog/controller/product/*.php(0)
VQModObject::applyMod - SEARCH NOT FOUND (ABORTING MOD): $this->url->link('common/home')
----------------------------------------------------------------------


---------- Date: 2016-06-01 16:55:52 ~ IP : 95.55.169.149 ----------
REQUEST URI : /index.php?route=product/ajaxcompare/compare_list
MOD DETAILS:
   modFile   : /home/platne/brasserwis/public_html/comparator/vqmod/xml/seo-single-url-home-continue.xml
   id        : SEO Single Url - Continue Home Link
   version   : 1
   vqmver    : 2.1.7
   author    : www.zadenzo.com

File Name    : catalog/controller/product/*.php(0)
VQModObject::applyMod - SEARCH NOT FOUND (ABORTING MOD): $this->url->link('common/home')
----------------------------------------------------------------------


---------- Date: 2016-06-01 18:44:22 ~ IP : 176.154.251.142 ----------
REQUEST URI : /index.php?route=product/ajaxcompare/compare_list
MOD DETAILS:
   modFile   : /home/platne/brasserwis/public_html/comparator/vqmod/xml/seo-single-url-home-continue.xml
   id        : SEO Single Url - Continue Home Link
   version   : 1
   vqmver    : 2.1.7
   author    : www.zadenzo.com

File Name    : catalog/controller/product/*.php(0)
VQModObject::applyMod - SEARCH NOT FOUND (ABORTING MOD): $this->url->link('common/home')
----------------------------------------------------------------------


---------- Date: 2016-06-01 18:59:23 ~ IP : 67.253.93.144 ----------
REQUEST URI : /index.php?route=product/ajaxcompare/compare_list
MOD DETAILS:
   modFile   : /home/platne/brasserwis/public_html/comparator/vqmod/xml/seo-single-url-home-continue.xml
   id        : SEO Single Url - Continue Home Link
   version   : 1
   vqmver    : 2.1.7
   author    : www.zadenzo.com

File Name    : catalog/controller/product/*.php(0)
VQModObject::applyMod - SEARCH NOT FOUND (ABORTING MOD): $this->url->link('common/home')
----------------------------------------------------------------------


---------- Date: 2016-06-01 19:03:47 ~ IP : 66.249.78.112 ----------
REQUEST URI : /index.php?route=product/ajaxcompare/compare_list
MOD DETAILS:
   modFile   : /home/platne/brasserwis/public_html/comparator/vqmod/xml/seo-single-url-home-continue.xml
   id        : SEO Single Url - Continue Home Link
   version   : 1
   vqmver    : 2.1.7
   author    : www.zadenzo.com

File Name    : catalog/controller/product/*.php(0)
VQModObject::applyMod - SEARCH NOT FOUND (ABORTING MOD): $this->url->link('common/home')
----------------------------------------------------------------------


---------- Date: 2016-06-01 20:15:40 ~ IP : 178.7.1.68 ----------
REQUEST URI : /index.php?route=product/ajaxcompare/compare_list
MOD DETAILS:
   modFile   : /home/platne/brasserwis/public_html/comparator/vqmod/xml/seo-single-url-home-continue.xml
   id        : SEO Single Url - Continue Home Link
   version   : 1
   vqmver    : 2.1.7
   author    : www.zadenzo.com

File Name    : catalog/controller/product/*.php(0)
VQModObject::applyMod - SEARCH NOT FOUND (ABORTING MOD): $this->url->link('common/home')
----------------------------------------------------------------------


---------- Date: 2016-06-01 20:50:37 ~ IP : 46.117.70.17 ----------
REQUEST URI : /index.php?route=product/ajaxcompare/compare_list
MOD DETAILS:
   modFile   : /home/platne/brasserwis/public_html/comparator/vqmod/xml/seo-single-url-home-continue.xml
   id        : SEO Single Url - Continue Home Link
   version   : 1
   vqmver    : 2.1.7
   author    : www.zadenzo.com

File Name    : catalog/controller/product/*.php(0)
VQModObject::applyMod - SEARCH NOT FOUND (ABORTING MOD): $this->url->link('common/home')
----------------------------------------------------------------------


---------- Date: 2016-06-01 20:51:00 ~ IP : 46.117.70.17 ----------
REQUEST URI : /index.php?route=product/ajaxcompare/compare_list
MOD DETAILS:
   modFile   : /home/platne/brasserwis/public_html/comparator/vqmod/xml/seo-single-url-home-continue.xml
   id        : SEO Single Url - Continue Home Link
   version   : 1
   vqmver    : 2.1.7
   author    : www.zadenzo.com

File Name    : catalog/controller/product/*.php(0)
VQModObject::applyMod - SEARCH NOT FOUND (ABORTING MOD): $this->url->link('common/home')
----------------------------------------------------------------------


---------- Date: 2016-06-01 20:51:47 ~ IP : 46.117.70.17 ----------
REQUEST URI : /index.php?route=product/ajaxcompare/compare_list
MOD DETAILS:
   modFile   : /home/platne/brasserwis/public_html/comparator/vqmod/xml/seo-single-url-home-continue.xml
   id        : SEO Single Url - Continue Home Link
   version   : 1
   vqmver    : 2.1.7
   author    : www.zadenzo.com

File Name    : catalog/controller/product/*.php(0)
VQModObject::applyMod - SEARCH NOT FOUND (ABORTING MOD): $this->url->link('common/home')
----------------------------------------------------------------------


---------- Date: 2016-06-01 20:59:58 ~ IP : 46.117.70.17 ----------
REQUEST URI : /index.php?route=product/ajaxcompare/compare_list
MOD DETAILS:
   modFile   : /home/platne/brasserwis/public_html/comparator/vqmod/xml/seo-single-url-home-continue.xml
   id        : SEO Single Url - Continue Home Link
   version   : 1
   vqmver    : 2.1.7
   author    : www.zadenzo.com

File Name    : catalog/controller/product/*.php(0)
VQModObject::applyMod - SEARCH NOT FOUND (ABORTING MOD): $this->url->link('common/home')
----------------------------------------------------------------------


---------- Date: 2016-06-01 21:00:12 ~ IP : 46.117.70.17 ----------
REQUEST URI : /index.php?route=product/ajaxcompare/compare_list
MOD DETAILS:
   modFile   : /home/platne/brasserwis/public_html/comparator/vqmod/xml/seo-single-url-home-continue.xml
   id        : SEO Single Url - Continue Home Link
   version   : 1
   vqmver    : 2.1.7
   author    : www.zadenzo.com

File Name    : catalog/controller/product/*.php(0)
VQModObject::applyMod - SEARCH NOT FOUND (ABORTING MOD): $this->url->link('common/home')
----------------------------------------------------------------------


---------- Date: 2016-06-01 21:00:56 ~ IP : 46.117.70.17 ----------
REQUEST URI : /index.php?route=product/ajaxcompare/compare_list
MOD DETAILS:
   modFile   : /home/platne/brasserwis/public_html/comparator/vqmod/xml/seo-single-url-home-continue.xml
   id        : SEO Single Url - Continue Home Link
   version   : 1
   vqmver    : 2.1.7
   author    : www.zadenzo.com

File Name    : catalog/controller/product/*.php(0)
VQModObject::applyMod - SEARCH NOT FOUND (ABORTING MOD): $this->url->link('common/home')
----------------------------------------------------------------------


---------- Date: 2016-06-01 21:01:55 ~ IP : 46.117.70.17 ----------
REQUEST URI : /index.php?route=product/ajaxcompare/compare_list
MOD DETAILS:
   modFile   : /home/platne/brasserwis/public_html/comparator/vqmod/xml/seo-single-url-home-continue.xml
   id        : SEO Single Url - Continue Home Link
   version   : 1
   vqmver    : 2.1.7
   author    : www.zadenzo.com

File Name    : catalog/controller/product/*.php(0)
VQModObject::applyMod - SEARCH NOT FOUND (ABORTING MOD): $this->url->link('common/home')
----------------------------------------------------------------------


---------- Date: 2016-06-01 21:03:40 ~ IP : 46.117.70.17 ----------
REQUEST URI : /index.php?route=product/ajaxcompare/compare_list
MOD DETAILS:
   modFile   : /home/platne/brasserwis/public_html/comparator/vqmod/xml/seo-single-url-home-continue.xml
   id        : SEO Single Url - Continue Home Link
   version   : 1
   vqmver    : 2.1.7
   author    : www.zadenzo.com

File Name    : catalog/controller/product/*.php(0)
VQModObject::applyMod - SEARCH NOT FOUND (ABORTING MOD): $this->url->link('common/home')
----------------------------------------------------------------------


---------- Date: 2016-06-01 21:17:37 ~ IP : 178.66.237.191 ----------
REQUEST URI : /index.php?route=product/ajaxcompare/compare_list
MOD DETAILS:
   modFile   : /home/platne/brasserwis/public_html/comparator/vqmod/xml/seo-single-url-home-continue.xml
   id        : SEO Single Url - Continue Home Link
   version   : 1
   vqmver    : 2.1.7
   author    : www.zadenzo.com

File Name    : catalog/controller/product/*.php(0)
VQModObject::applyMod - SEARCH NOT FOUND (ABORTING MOD): $this->url->link('common/home')
----------------------------------------------------------------------


---------- Date: 2016-06-01 21:17:48 ~ IP : 178.66.237.191 ----------
REQUEST URI : /index.php?route=product/ajaxcompare/compare_list
MOD DETAILS:
   modFile   : /home/platne/brasserwis/public_html/comparator/vqmod/xml/seo-single-url-home-continue.xml
   id        : SEO Single Url - Continue Home Link
   version   : 1
   vqmver    : 2.1.7
   author    : www.zadenzo.com

File Name    : catalog/controller/product/*.php(0)
VQModObject::applyMod - SEARCH NOT FOUND (ABORTING MOD): $this->url->link('common/home')
----------------------------------------------------------------------


---------- Date: 2016-06-01 21:17:58 ~ IP : 178.66.237.191 ----------
REQUEST URI : /index.php?route=product/ajaxcompare/compare_list
MOD DETAILS:
   modFile   : /home/platne/brasserwis/public_html/comparator/vqmod/xml/seo-single-url-home-continue.xml
   id        : SEO Single Url - Continue Home Link
   version   : 1
   vqmver    : 2.1.7
   author    : www.zadenzo.com

File Name    : catalog/controller/product/*.php(0)
VQModObject::applyMod - SEARCH NOT FOUND (ABORTING MOD): $this->url->link('common/home')
----------------------------------------------------------------------


---------- Date: 2016-06-01 22:31:40 ~ IP : 66.249.93.41 ----------
REQUEST URI : /index.php?route=product/ajaxcompare/compare_list
MOD DETAILS:
   modFile   : /home/platne/brasserwis/public_html/comparator/vqmod/xml/seo-single-url-home-continue.xml
   id        : SEO Single Url - Continue Home Link
   version   : 1
   vqmver    : 2.1.7
   author    : www.zadenzo.com

File Name    : catalog/controller/product/*.php(0)
VQModObject::applyMod - SEARCH NOT FOUND (ABORTING MOD): $this->url->link('common/home')
----------------------------------------------------------------------


---------- Date: 2016-06-01 22:32:26 ~ IP : 66.249.93.41 ----------
REQUEST URI : /index.php?route=product/ajaxcompare/compare_list
MOD DETAILS:
   modFile   : /home/platne/brasserwis/public_html/comparator/vqmod/xml/seo-single-url-home-continue.xml
   id        : SEO Single Url - Continue Home Link
   version   : 1
   vqmver    : 2.1.7
   author    : www.zadenzo.com

File Name    : catalog/controller/product/*.php(0)
VQModObject::applyMod - SEARCH NOT FOUND (ABORTING MOD): $this->url->link('common/home')
----------------------------------------------------------------------


---------- Date: 2016-06-01 22:32:32 ~ IP : 66.249.93.43 ----------
REQUEST URI : /index.php?route=product/ajaxcompare/compare_list
MOD DETAILS:
   modFile   : /home/platne/brasserwis/public_html/comparator/vqmod/xml/seo-single-url-home-continue.xml
   id        : SEO Single Url - Continue Home Link
   version   : 1
   vqmver    : 2.1.7
   author    : www.zadenzo.com

File Name    : catalog/controller/product/*.php(0)
VQModObject::applyMod - SEARCH NOT FOUND (ABORTING MOD): $this->url->link('common/home')
----------------------------------------------------------------------


---------- Date: 2016-06-01 22:32:40 ~ IP : 66.249.93.41 ----------
REQUEST URI : /index.php?route=product/ajaxcompare/compare_list
MOD DETAILS:
   modFile   : /home/platne/brasserwis/public_html/comparator/vqmod/xml/seo-single-url-home-continue.xml
   id        : SEO Single Url - Continue Home Link
   version   : 1
   vqmver    : 2.1.7
   author    : www.zadenzo.com

File Name    : catalog/controller/product/*.php(0)
VQModObject::applyMod - SEARCH NOT FOUND (ABORTING MOD): $this->url->link('common/home')
----------------------------------------------------------------------


---------- Date: 2016-06-01 22:35:06 ~ IP : 66.249.93.39 ----------
REQUEST URI : /index.php?route=product/ajaxcompare/compare_list
MOD DETAILS:
   modFile   : /home/platne/brasserwis/public_html/comparator/vqmod/xml/seo-single-url-home-continue.xml
   id        : SEO Single Url - Continue Home Link
   version   : 1
   vqmver    : 2.1.7
   author    : www.zadenzo.com

File Name    : catalog/controller/product/*.php(0)
VQModObject::applyMod - SEARCH NOT FOUND (ABORTING MOD): $this->url->link('common/home')
----------------------------------------------------------------------


---------- Date: 2016-06-01 22:35:17 ~ IP : 66.249.93.39 ----------
REQUEST URI : /index.php?route=product/ajaxcompare/compare_list
MOD DETAILS:
   modFile   : /home/platne/brasserwis/public_html/comparator/vqmod/xml/seo-single-url-home-continue.xml
   id        : SEO Single Url - Continue Home Link
   version   : 1
   vqmver    : 2.1.7
   author    : www.zadenzo.com

File Name    : catalog/controller/product/*.php(0)
VQModObject::applyMod - SEARCH NOT FOUND (ABORTING MOD): $this->url->link('common/home')
----------------------------------------------------------------------


---------- Date: 2016-06-01 22:35:28 ~ IP : 66.249.93.39 ----------
REQUEST URI : /index.php?route=product/ajaxcompare/compare_list
MOD DETAILS:
   modFile   : /home/platne/brasserwis/public_html/comparator/vqmod/xml/seo-single-url-home-continue.xml
   id        : SEO Single Url - Continue Home Link
   version   : 1
   vqmver    : 2.1.7
   author    : www.zadenzo.com

File Name    : catalog/controller/product/*.php(0)
VQModObject::applyMod - SEARCH NOT FOUND (ABORTING MOD): $this->url->link('common/home')
----------------------------------------------------------------------


---------- Date: 2016-06-01 22:35:32 ~ IP : 66.249.93.43 ----------
REQUEST URI : /index.php?route=product/ajaxcompare/compare_list
MOD DETAILS:
   modFile   : /home/platne/brasserwis/public_html/comparator/vqmod/xml/seo-single-url-home-continue.xml
   id        : SEO Single Url - Continue Home Link
   version   : 1
   vqmver    : 2.1.7
   author    : www.zadenzo.com

File Name    : catalog/controller/product/*.php(0)
VQModObject::applyMod - SEARCH NOT FOUND (ABORTING MOD): $this->url->link('common/home')
----------------------------------------------------------------------


---------- Date: 2016-06-01 22:36:22 ~ IP : 66.249.93.43 ----------
REQUEST URI : /index.php?route=product/ajaxcompare/compare_list
MOD DETAILS:
   modFile   : /home/platne/brasserwis/public_html/comparator/vqmod/xml/seo-single-url-home-continue.xml
   id        : SEO Single Url - Continue Home Link
   version   : 1
   vqmver    : 2.1.7
   author    : www.zadenzo.com

File Name    : catalog/controller/product/*.php(0)
VQModObject::applyMod - SEARCH NOT FOUND (ABORTING MOD): $this->url->link('common/home')
----------------------------------------------------------------------


---------- Date: 2016-06-01 22:36:33 ~ IP : 66.249.93.43 ----------
REQUEST URI : /index.php?route=product/ajaxcompare/compare_list
MOD DETAILS:
   modFile   : /home/platne/brasserwis/public_html/comparator/vqmod/xml/seo-single-url-home-continue.xml
   id        : SEO Single Url - Continue Home Link
   version   : 1
   vqmver    : 2.1.7
   author    : www.zadenzo.com

File Name    : catalog/controller/product/*.php(0)
VQModObject::applyMod - SEARCH NOT FOUND (ABORTING MOD): $this->url->link('common/home')
----------------------------------------------------------------------


---------- Date: 2016-06-01 22:36:44 ~ IP : 46.70.236.134 ----------
REQUEST URI : /index.php?route=product/ajaxcompare/add
MOD DETAILS:
   modFile   : /home/platne/brasserwis/public_html/comparator/vqmod/xml/seo-single-url-home-continue.xml
   id        : SEO Single Url - Continue Home Link
   version   : 1
   vqmver    : 2.1.7
   author    : www.zadenzo.com

File Name    : catalog/controller/product/*.php(0)
VQModObject::applyMod - SEARCH NOT FOUND (ABORTING MOD): $this->url->link('common/home')
----------------------------------------------------------------------


---------- Date: 2016-06-01 22:36:45 ~ IP : 46.70.236.134 ----------
REQUEST URI : /index.php?route=product/ajaxcompare/add
MOD DETAILS:
   modFile   : /home/platne/brasserwis/public_html/comparator/vqmod/xml/seo-single-url-home-continue.xml
   id        : SEO Single Url - Continue Home Link
   version   : 1
   vqmver    : 2.1.7
   author    : www.zadenzo.com

File Name    : catalog/controller/product/*.php(0)
VQModObject::applyMod - SEARCH NOT FOUND (ABORTING MOD): $this->url->link('common/home')
----------------------------------------------------------------------


---------- Date: 2016-06-01 22:36:45 ~ IP : 66.249.93.39 ----------
REQUEST URI : /index.php?route=product/ajaxcompare/compare_list
MOD DETAILS:
   modFile   : /home/platne/brasserwis/public_html/comparator/vqmod/xml/seo-single-url-home-continue.xml
   id        : SEO Single Url - Continue Home Link
   version   : 1
   vqmver    : 2.1.7
   author    : www.zadenzo.com

File Name    : catalog/controller/product/*.php(0)
VQModObject::applyMod - SEARCH NOT FOUND (ABORTING MOD): $this->url->link('common/home')
----------------------------------------------------------------------


---------- Date: 2016-06-01 22:36:45 ~ IP : 66.249.93.43 ----------
REQUEST URI : /index.php?route=product/ajaxcompare/compare_list
MOD DETAILS:
   modFile   : /home/platne/brasserwis/public_html/comparator/vqmod/xml/seo-single-url-home-continue.xml
   id        : SEO Single Url - Continue Home Link
   version   : 1
   vqmver    : 2.1.7
   author    : www.zadenzo.com

File Name    : catalog/controller/product/*.php(0)
VQModObject::applyMod - SEARCH NOT FOUND (ABORTING MOD): $this->url->link('common/home')
----------------------------------------------------------------------


---------- Date: 2016-06-01 22:37:53 ~ IP : 66.249.93.43 ----------
REQUEST URI : /index.php?route=product/ajaxcompare/compare_list
MOD DETAILS:
   modFile   : /home/platne/brasserwis/public_html/comparator/vqmod/xml/seo-single-url-home-continue.xml
   id        : SEO Single Url - Continue Home Link
   version   : 1
   vqmver    : 2.1.7
   author    : www.zadenzo.com

File Name    : catalog/controller/product/*.php(0)
VQModObject::applyMod - SEARCH NOT FOUND (ABORTING MOD): $this->url->link('common/home')
----------------------------------------------------------------------


---------- Date: 2016-06-01 22:38:15 ~ IP : 66.249.93.43 ----------
REQUEST URI : /index.php?route=product/ajaxcompare/compare_list
MOD DETAILS:
   modFile   : /home/platne/brasserwis/public_html/comparator/vqmod/xml/seo-single-url-home-continue.xml
   id        : SEO Single Url - Continue Home Link
   version   : 1
   vqmver    : 2.1.7
   author    : www.zadenzo.com

File Name    : catalog/controller/product/*.php(0)
VQModObject::applyMod - SEARCH NOT FOUND (ABORTING MOD): $this->url->link('common/home')
----------------------------------------------------------------------


---------- Date: 2016-06-01 22:38:21 ~ IP : 66.249.93.39 ----------
REQUEST URI : /index.php?route=product/ajaxcompare/compare_list
MOD DETAILS:
   modFile   : /home/platne/brasserwis/public_html/comparator/vqmod/xml/seo-single-url-home-continue.xml
   id        : SEO Single Url - Continue Home Link
   version   : 1
   vqmver    : 2.1.7
   author    : www.zadenzo.com

File Name    : catalog/controller/product/*.php(0)
VQModObject::applyMod - SEARCH NOT FOUND (ABORTING MOD): $this->url->link('common/home')
----------------------------------------------------------------------


---------- Date: 2016-06-01 22:40:38 ~ IP : 66.249.93.39 ----------
REQUEST URI : /index.php?route=product/ajaxcompare/compare_list
MOD DETAILS:
   modFile   : /home/platne/brasserwis/public_html/comparator/vqmod/xml/seo-single-url-home-continue.xml
   id        : SEO Single Url - Continue Home Link
   version   : 1
   vqmver    : 2.1.7
   author    : www.zadenzo.com

File Name    : catalog/controller/product/*.php(0)
VQModObject::applyMod - SEARCH NOT FOUND (ABORTING MOD): $this->url->link('common/home')
----------------------------------------------------------------------


---------- Date: 2016-06-01 22:40:56 ~ IP : 66.249.93.39 ----------
REQUEST URI : /index.php?route=product/ajaxcompare/compare_list
MOD DETAILS:
   modFile   : /home/platne/brasserwis/public_html/comparator/vqmod/xml/seo-single-url-home-continue.xml
   id        : SEO Single Url - Continue Home Link
   version   : 1
   vqmver    : 2.1.7
   author    : www.zadenzo.com

File Name    : catalog/controller/product/*.php(0)
VQModObject::applyMod - SEARCH NOT FOUND (ABORTING MOD): $this->url->link('common/home')
----------------------------------------------------------------------


