---------- Date: 2016-06-02 00:21:40 ~ IP : 66.249.93.43 ----------
REQUEST URI : /index.php?route=product/ajaxcompare/compare_list
MOD DETAILS:
   modFile   : /home/platne/brasserwis/public_html/comparator/vqmod/xml/seo-single-url-home-continue.xml
   id        : SEO Single Url - Continue Home Link
   version   : 1
   vqmver    : 2.1.7
   author    : www.zadenzo.com

File Name    : catalog/controller/product/*.php(0)
VQModObject::applyMod - SEARCH NOT FOUND (ABORTING MOD): $this->url->link('common/home')
----------------------------------------------------------------------


---------- Date: 2016-06-02 01:01:53 ~ IP : 76.175.41.181 ----------
REQUEST URI : /index.php?route=product/ajaxcompare/compare_list
MOD DETAILS:
   modFile   : /home/platne/brasserwis/public_html/comparator/vqmod/xml/seo-single-url-home-continue.xml
   id        : SEO Single Url - Continue Home Link
   version   : 1
   vqmver    : 2.1.7
   author    : www.zadenzo.com

File Name    : catalog/controller/product/*.php(0)
VQModObject::applyMod - SEARCH NOT FOUND (ABORTING MOD): $this->url->link('common/home')
----------------------------------------------------------------------


---------- Date: 2016-06-02 01:02:38 ~ IP : 76.175.41.181 ----------
REQUEST URI : /index.php?route=product/ajaxcompare/compare_list
MOD DETAILS:
   modFile   : /home/platne/brasserwis/public_html/comparator/vqmod/xml/seo-single-url-home-continue.xml
   id        : SEO Single Url - Continue Home Link
   version   : 1
   vqmver    : 2.1.7
   author    : www.zadenzo.com

File Name    : catalog/controller/product/*.php(0)
VQModObject::applyMod - SEARCH NOT FOUND (ABORTING MOD): $this->url->link('common/home')
----------------------------------------------------------------------


---------- Date: 2016-06-02 01:52:36 ~ IP : 66.249.78.119 ----------
REQUEST URI : /index.php?route=product/ajaxcompare/compare_list
MOD DETAILS:
   modFile   : /home/platne/brasserwis/public_html/comparator/vqmod/xml/seo-single-url-home-continue.xml
   id        : SEO Single Url - Continue Home Link
   version   : 1
   vqmver    : 2.1.7
   author    : www.zadenzo.com

File Name    : catalog/controller/product/*.php(0)
VQModObject::applyMod - SEARCH NOT FOUND (ABORTING MOD): $this->url->link('common/home')
----------------------------------------------------------------------


---------- Date: 2016-06-02 01:57:01 ~ IP : 66.249.78.105 ----------
REQUEST URI : /index.php?route=product/ajaxcompare/compare_list
MOD DETAILS:
   modFile   : /home/platne/brasserwis/public_html/comparator/vqmod/xml/seo-single-url-home-continue.xml
   id        : SEO Single Url - Continue Home Link
   version   : 1
   vqmver    : 2.1.7
   author    : www.zadenzo.com

File Name    : catalog/controller/product/*.php(0)
VQModObject::applyMod - SEARCH NOT FOUND (ABORTING MOD): $this->url->link('common/home')
----------------------------------------------------------------------


---------- Date: 2016-06-02 02:37:55 ~ IP : 208.163.214.61 ----------
REQUEST URI : /index.php?route=product/ajaxcompare/compare_list
MOD DETAILS:
   modFile   : /home/platne/brasserwis/public_html/comparator/vqmod/xml/seo-single-url-home-continue.xml
   id        : SEO Single Url - Continue Home Link
   version   : 1
   vqmver    : 2.1.7
   author    : www.zadenzo.com

File Name    : catalog/controller/product/*.php(0)
VQModObject::applyMod - SEARCH NOT FOUND (ABORTING MOD): $this->url->link('common/home')
----------------------------------------------------------------------


---------- Date: 2016-06-02 03:28:03 ~ IP : 136.63.14.239 ----------
REQUEST URI : /index.php?route=product/ajaxcompare/compare_list
MOD DETAILS:
   modFile   : /home/platne/brasserwis/public_html/comparator/vqmod/xml/seo-single-url-home-continue.xml
   id        : SEO Single Url - Continue Home Link
   version   : 1
   vqmver    : 2.1.7
   author    : www.zadenzo.com

File Name    : catalog/controller/product/*.php(0)
VQModObject::applyMod - SEARCH NOT FOUND (ABORTING MOD): $this->url->link('common/home')
----------------------------------------------------------------------


---------- Date: 2016-06-02 03:28:17 ~ IP : 136.63.14.239 ----------
REQUEST URI : /index.php?route=product/ajaxcompare/compare_list
MOD DETAILS:
   modFile   : /home/platne/brasserwis/public_html/comparator/vqmod/xml/seo-single-url-home-continue.xml
   id        : SEO Single Url - Continue Home Link
   version   : 1
   vqmver    : 2.1.7
   author    : www.zadenzo.com

File Name    : catalog/controller/product/*.php(0)
VQModObject::applyMod - SEARCH NOT FOUND (ABORTING MOD): $this->url->link('common/home')
----------------------------------------------------------------------


---------- Date: 2016-06-02 03:28:23 ~ IP : 136.63.14.239 ----------
REQUEST URI : /index.php?route=product/ajaxcompare/compare_list
MOD DETAILS:
   modFile   : /home/platne/brasserwis/public_html/comparator/vqmod/xml/seo-single-url-home-continue.xml
   id        : SEO Single Url - Continue Home Link
   version   : 1
   vqmver    : 2.1.7
   author    : www.zadenzo.com

File Name    : catalog/controller/product/*.php(0)
VQModObject::applyMod - SEARCH NOT FOUND (ABORTING MOD): $this->url->link('common/home')
----------------------------------------------------------------------


---------- Date: 2016-06-02 03:28:36 ~ IP : 136.63.14.239 ----------
REQUEST URI : /index.php?route=product/ajaxcompare/add
MOD DETAILS:
   modFile   : /home/platne/brasserwis/public_html/comparator/vqmod/xml/seo-single-url-home-continue.xml
   id        : SEO Single Url - Continue Home Link
   version   : 1
   vqmver    : 2.1.7
   author    : www.zadenzo.com

File Name    : catalog/controller/product/*.php(0)
VQModObject::applyMod - SEARCH NOT FOUND (ABORTING MOD): $this->url->link('common/home')
----------------------------------------------------------------------


---------- Date: 2016-06-02 03:28:37 ~ IP : 136.63.14.239 ----------
REQUEST URI : /index.php?route=product/ajaxcompare/add
MOD DETAILS:
   modFile   : /home/platne/brasserwis/public_html/comparator/vqmod/xml/seo-single-url-home-continue.xml
   id        : SEO Single Url - Continue Home Link
   version   : 1
   vqmver    : 2.1.7
   author    : www.zadenzo.com

File Name    : catalog/controller/product/*.php(0)
VQModObject::applyMod - SEARCH NOT FOUND (ABORTING MOD): $this->url->link('common/home')
----------------------------------------------------------------------


---------- Date: 2016-06-02 03:28:54 ~ IP : 136.63.14.239 ----------
REQUEST URI : /index.php?route=product/ajaxcompare/add
MOD DETAILS:
   modFile   : /home/platne/brasserwis/public_html/comparator/vqmod/xml/seo-single-url-home-continue.xml
   id        : SEO Single Url - Continue Home Link
   version   : 1
   vqmver    : 2.1.7
   author    : www.zadenzo.com

File Name    : catalog/controller/product/*.php(0)
VQModObject::applyMod - SEARCH NOT FOUND (ABORTING MOD): $this->url->link('common/home')
----------------------------------------------------------------------


---------- Date: 2016-06-02 03:28:54 ~ IP : 136.63.14.239 ----------
REQUEST URI : /index.php?route=product/ajaxcompare/add
MOD DETAILS:
   modFile   : /home/platne/brasserwis/public_html/comparator/vqmod/xml/seo-single-url-home-continue.xml
   id        : SEO Single Url - Continue Home Link
   version   : 1
   vqmver    : 2.1.7
   author    : www.zadenzo.com

File Name    : catalog/controller/product/*.php(0)
VQModObject::applyMod - SEARCH NOT FOUND (ABORTING MOD): $this->url->link('common/home')
----------------------------------------------------------------------


---------- Date: 2016-06-02 03:28:55 ~ IP : 136.63.14.239 ----------
REQUEST URI : /index.php?route=product/ajaxcompare/add
MOD DETAILS:
   modFile   : /home/platne/brasserwis/public_html/comparator/vqmod/xml/seo-single-url-home-continue.xml
   id        : SEO Single Url - Continue Home Link
   version   : 1
   vqmver    : 2.1.7
   author    : www.zadenzo.com

File Name    : catalog/controller/product/*.php(0)
VQModObject::applyMod - SEARCH NOT FOUND (ABORTING MOD): $this->url->link('common/home')
----------------------------------------------------------------------


---------- Date: 2016-06-02 03:28:55 ~ IP : 136.63.14.239 ----------
REQUEST URI : /index.php?route=product/ajaxcompare/add
MOD DETAILS:
   modFile   : /home/platne/brasserwis/public_html/comparator/vqmod/xml/seo-single-url-home-continue.xml
   id        : SEO Single Url - Continue Home Link
   version   : 1
   vqmver    : 2.1.7
   author    : www.zadenzo.com

File Name    : catalog/controller/product/*.php(0)
VQModObject::applyMod - SEARCH NOT FOUND (ABORTING MOD): $this->url->link('common/home')
----------------------------------------------------------------------


---------- Date: 2016-06-02 03:28:55 ~ IP : 136.63.14.239 ----------
REQUEST URI : /index.php?route=product/ajaxcompare/add
MOD DETAILS:
   modFile   : /home/platne/brasserwis/public_html/comparator/vqmod/xml/seo-single-url-home-continue.xml
   id        : SEO Single Url - Continue Home Link
   version   : 1
   vqmver    : 2.1.7
   author    : www.zadenzo.com

File Name    : catalog/controller/product/*.php(0)
VQModObject::applyMod - SEARCH NOT FOUND (ABORTING MOD): $this->url->link('common/home')
----------------------------------------------------------------------


---------- Date: 2016-06-02 03:28:55 ~ IP : 136.63.14.239 ----------
REQUEST URI : /index.php?route=product/ajaxcompare/add
MOD DETAILS:
   modFile   : /home/platne/brasserwis/public_html/comparator/vqmod/xml/seo-single-url-home-continue.xml
   id        : SEO Single Url - Continue Home Link
   version   : 1
   vqmver    : 2.1.7
   author    : www.zadenzo.com

File Name    : catalog/controller/product/*.php(0)
VQModObject::applyMod - SEARCH NOT FOUND (ABORTING MOD): $this->url->link('common/home')
----------------------------------------------------------------------


---------- Date: 2016-06-02 03:29:29 ~ IP : 136.63.14.239 ----------
REQUEST URI : /index.php?route=product/ajaxcompare/compare_list
MOD DETAILS:
   modFile   : /home/platne/brasserwis/public_html/comparator/vqmod/xml/seo-single-url-home-continue.xml
   id        : SEO Single Url - Continue Home Link
   version   : 1
   vqmver    : 2.1.7
   author    : www.zadenzo.com

File Name    : catalog/controller/product/*.php(0)
VQModObject::applyMod - SEARCH NOT FOUND (ABORTING MOD): $this->url->link('common/home')
----------------------------------------------------------------------


---------- Date: 2016-06-02 03:29:43 ~ IP : 136.63.14.239 ----------
REQUEST URI : /index.php?route=product/ajaxcompare/compare_list
MOD DETAILS:
   modFile   : /home/platne/brasserwis/public_html/comparator/vqmod/xml/seo-single-url-home-continue.xml
   id        : SEO Single Url - Continue Home Link
   version   : 1
   vqmver    : 2.1.7
   author    : www.zadenzo.com

File Name    : catalog/controller/product/*.php(0)
VQModObject::applyMod - SEARCH NOT FOUND (ABORTING MOD): $this->url->link('common/home')
----------------------------------------------------------------------


---------- Date: 2016-06-02 03:29:52 ~ IP : 136.63.14.239 ----------
REQUEST URI : /index.php?route=product/ajaxcompare/add
MOD DETAILS:
   modFile   : /home/platne/brasserwis/public_html/comparator/vqmod/xml/seo-single-url-home-continue.xml
   id        : SEO Single Url - Continue Home Link
   version   : 1
   vqmver    : 2.1.7
   author    : www.zadenzo.com

File Name    : catalog/controller/product/*.php(0)
VQModObject::applyMod - SEARCH NOT FOUND (ABORTING MOD): $this->url->link('common/home')
----------------------------------------------------------------------


---------- Date: 2016-06-02 03:29:52 ~ IP : 136.63.14.239 ----------
REQUEST URI : /index.php?route=product/ajaxcompare/add
MOD DETAILS:
   modFile   : /home/platne/brasserwis/public_html/comparator/vqmod/xml/seo-single-url-home-continue.xml
   id        : SEO Single Url - Continue Home Link
   version   : 1
   vqmver    : 2.1.7
   author    : www.zadenzo.com

File Name    : catalog/controller/product/*.php(0)
VQModObject::applyMod - SEARCH NOT FOUND (ABORTING MOD): $this->url->link('common/home')
----------------------------------------------------------------------


---------- Date: 2016-06-02 03:29:59 ~ IP : 136.63.14.239 ----------
REQUEST URI : /index.php?route=product/ajaxcompare/add
MOD DETAILS:
   modFile   : /home/platne/brasserwis/public_html/comparator/vqmod/xml/seo-single-url-home-continue.xml
   id        : SEO Single Url - Continue Home Link
   version   : 1
   vqmver    : 2.1.7
   author    : www.zadenzo.com

File Name    : catalog/controller/product/*.php(0)
VQModObject::applyMod - SEARCH NOT FOUND (ABORTING MOD): $this->url->link('common/home')
----------------------------------------------------------------------


---------- Date: 2016-06-02 03:29:59 ~ IP : 136.63.14.239 ----------
REQUEST URI : /index.php?route=product/ajaxcompare/add
MOD DETAILS:
   modFile   : /home/platne/brasserwis/public_html/comparator/vqmod/xml/seo-single-url-home-continue.xml
   id        : SEO Single Url - Continue Home Link
   version   : 1
   vqmver    : 2.1.7
   author    : www.zadenzo.com

File Name    : catalog/controller/product/*.php(0)
VQModObject::applyMod - SEARCH NOT FOUND (ABORTING MOD): $this->url->link('common/home')
----------------------------------------------------------------------


---------- Date: 2016-06-02 03:30:22 ~ IP : 136.63.14.239 ----------
REQUEST URI : /index.php?route=product/ajaxcompare/add
MOD DETAILS:
   modFile   : /home/platne/brasserwis/public_html/comparator/vqmod/xml/seo-single-url-home-continue.xml
   id        : SEO Single Url - Continue Home Link
   version   : 1
   vqmver    : 2.1.7
   author    : www.zadenzo.com

File Name    : catalog/controller/product/*.php(0)
VQModObject::applyMod - SEARCH NOT FOUND (ABORTING MOD): $this->url->link('common/home')
----------------------------------------------------------------------


---------- Date: 2016-06-02 03:30:22 ~ IP : 136.63.14.239 ----------
REQUEST URI : /index.php?route=product/ajaxcompare/add
MOD DETAILS:
   modFile   : /home/platne/brasserwis/public_html/comparator/vqmod/xml/seo-single-url-home-continue.xml
   id        : SEO Single Url - Continue Home Link
   version   : 1
   vqmver    : 2.1.7
   author    : www.zadenzo.com

File Name    : catalog/controller/product/*.php(0)
VQModObject::applyMod - SEARCH NOT FOUND (ABORTING MOD): $this->url->link('common/home')
----------------------------------------------------------------------


---------- Date: 2016-06-02 03:30:43 ~ IP : 136.63.14.239 ----------
REQUEST URI : /index.php?route=product/ajaxcompare/compare_list
MOD DETAILS:
   modFile   : /home/platne/brasserwis/public_html/comparator/vqmod/xml/seo-single-url-home-continue.xml
   id        : SEO Single Url - Continue Home Link
   version   : 1
   vqmver    : 2.1.7
   author    : www.zadenzo.com

File Name    : catalog/controller/product/*.php(0)
VQModObject::applyMod - SEARCH NOT FOUND (ABORTING MOD): $this->url->link('common/home')
----------------------------------------------------------------------


---------- Date: 2016-06-02 03:30:50 ~ IP : 136.63.14.239 ----------
REQUEST URI : /index.php?route=product/ajaxcompare/compare_list
MOD DETAILS:
   modFile   : /home/platne/brasserwis/public_html/comparator/vqmod/xml/seo-single-url-home-continue.xml
   id        : SEO Single Url - Continue Home Link
   version   : 1
   vqmver    : 2.1.7
   author    : www.zadenzo.com

File Name    : catalog/controller/product/*.php(0)
VQModObject::applyMod - SEARCH NOT FOUND (ABORTING MOD): $this->url->link('common/home')
----------------------------------------------------------------------


---------- Date: 2016-06-02 03:31:04 ~ IP : 136.63.14.239 ----------
REQUEST URI : /index.php?route=product/ajaxcompare/add
MOD DETAILS:
   modFile   : /home/platne/brasserwis/public_html/comparator/vqmod/xml/seo-single-url-home-continue.xml
   id        : SEO Single Url - Continue Home Link
   version   : 1
   vqmver    : 2.1.7
   author    : www.zadenzo.com

File Name    : catalog/controller/product/*.php(0)
VQModObject::applyMod - SEARCH NOT FOUND (ABORTING MOD): $this->url->link('common/home')
----------------------------------------------------------------------


---------- Date: 2016-06-02 03:31:04 ~ IP : 136.63.14.239 ----------
REQUEST URI : /index.php?route=product/ajaxcompare/add
MOD DETAILS:
   modFile   : /home/platne/brasserwis/public_html/comparator/vqmod/xml/seo-single-url-home-continue.xml
   id        : SEO Single Url - Continue Home Link
   version   : 1
   vqmver    : 2.1.7
   author    : www.zadenzo.com

File Name    : catalog/controller/product/*.php(0)
VQModObject::applyMod - SEARCH NOT FOUND (ABORTING MOD): $this->url->link('common/home')
----------------------------------------------------------------------


---------- Date: 2016-06-02 03:31:21 ~ IP : 136.63.14.239 ----------
REQUEST URI : /index.php?route=product/ajaxcompare/compare_list
MOD DETAILS:
   modFile   : /home/platne/brasserwis/public_html/comparator/vqmod/xml/seo-single-url-home-continue.xml
   id        : SEO Single Url - Continue Home Link
   version   : 1
   vqmver    : 2.1.7
   author    : www.zadenzo.com

File Name    : catalog/controller/product/*.php(0)
VQModObject::applyMod - SEARCH NOT FOUND (ABORTING MOD): $this->url->link('common/home')
----------------------------------------------------------------------


---------- Date: 2016-06-02 06:11:02 ~ IP : 46.189.37.22 ----------
REQUEST URI : /index.php?route=product/ajaxcompare/compare_list
MOD DETAILS:
   modFile   : /home/platne/brasserwis/public_html/comparator/vqmod/xml/seo-single-url-home-continue.xml
   id        : SEO Single Url - Continue Home Link
   version   : 1
   vqmver    : 2.1.7
   author    : www.zadenzo.com

File Name    : catalog/controller/product/*.php(0)
VQModObject::applyMod - SEARCH NOT FOUND (ABORTING MOD): $this->url->link('common/home')
----------------------------------------------------------------------


---------- Date: 2016-06-02 06:11:15 ~ IP : 46.189.37.22 ----------
REQUEST URI : /index.php?route=product/ajaxcompare/compare_list
MOD DETAILS:
   modFile   : /home/platne/brasserwis/public_html/comparator/vqmod/xml/seo-single-url-home-continue.xml
   id        : SEO Single Url - Continue Home Link
   version   : 1
   vqmver    : 2.1.7
   author    : www.zadenzo.com

File Name    : catalog/controller/product/*.php(0)
VQModObject::applyMod - SEARCH NOT FOUND (ABORTING MOD): $this->url->link('common/home')
----------------------------------------------------------------------


---------- Date: 2016-06-02 06:11:18 ~ IP : 46.189.37.22 ----------
REQUEST URI : /index.php?route=product/ajaxcompare/compare_list
MOD DETAILS:
   modFile   : /home/platne/brasserwis/public_html/comparator/vqmod/xml/seo-single-url-home-continue.xml
   id        : SEO Single Url - Continue Home Link
   version   : 1
   vqmver    : 2.1.7
   author    : www.zadenzo.com

File Name    : catalog/controller/product/*.php(0)
VQModObject::applyMod - SEARCH NOT FOUND (ABORTING MOD): $this->url->link('common/home')
----------------------------------------------------------------------


---------- Date: 2016-06-02 06:11:44 ~ IP : 46.189.37.22 ----------
REQUEST URI : /index.php?route=product/ajaxcompare/add
MOD DETAILS:
   modFile   : /home/platne/brasserwis/public_html/comparator/vqmod/xml/seo-single-url-home-continue.xml
   id        : SEO Single Url - Continue Home Link
   version   : 1
   vqmver    : 2.1.7
   author    : www.zadenzo.com

File Name    : catalog/controller/product/*.php(0)
VQModObject::applyMod - SEARCH NOT FOUND (ABORTING MOD): $this->url->link('common/home')
----------------------------------------------------------------------


---------- Date: 2016-06-02 06:11:44 ~ IP : 46.189.37.22 ----------
REQUEST URI : /index.php?route=product/ajaxcompare/add
MOD DETAILS:
   modFile   : /home/platne/brasserwis/public_html/comparator/vqmod/xml/seo-single-url-home-continue.xml
   id        : SEO Single Url - Continue Home Link
   version   : 1
   vqmver    : 2.1.7
   author    : www.zadenzo.com

File Name    : catalog/controller/product/*.php(0)
VQModObject::applyMod - SEARCH NOT FOUND (ABORTING MOD): $this->url->link('common/home')
----------------------------------------------------------------------


---------- Date: 2016-06-02 06:11:44 ~ IP : 46.189.37.22 ----------
REQUEST URI : /index.php?route=product/ajaxcompare/compare_list
MOD DETAILS:
   modFile   : /home/platne/brasserwis/public_html/comparator/vqmod/xml/seo-single-url-home-continue.xml
   id        : SEO Single Url - Continue Home Link
   version   : 1
   vqmver    : 2.1.7
   author    : www.zadenzo.com

File Name    : catalog/controller/product/*.php(0)
VQModObject::applyMod - SEARCH NOT FOUND (ABORTING MOD): $this->url->link('common/home')
----------------------------------------------------------------------


---------- Date: 2016-06-02 06:11:44 ~ IP : 46.189.37.22 ----------
REQUEST URI : /index.php?route=product/ajaxcompare/compare_list
MOD DETAILS:
   modFile   : /home/platne/brasserwis/public_html/comparator/vqmod/xml/seo-single-url-home-continue.xml
   id        : SEO Single Url - Continue Home Link
   version   : 1
   vqmver    : 2.1.7
   author    : www.zadenzo.com

File Name    : catalog/controller/product/*.php(0)
VQModObject::applyMod - SEARCH NOT FOUND (ABORTING MOD): $this->url->link('common/home')
----------------------------------------------------------------------


---------- Date: 2016-06-02 06:11:59 ~ IP : 46.189.37.22 ----------
REQUEST URI : /index.php?route=product/ajaxcompare/add
MOD DETAILS:
   modFile   : /home/platne/brasserwis/public_html/comparator/vqmod/xml/seo-single-url-home-continue.xml
   id        : SEO Single Url - Continue Home Link
   version   : 1
   vqmver    : 2.1.7
   author    : www.zadenzo.com

File Name    : catalog/controller/product/*.php(0)
VQModObject::applyMod - SEARCH NOT FOUND (ABORTING MOD): $this->url->link('common/home')
----------------------------------------------------------------------


---------- Date: 2016-06-02 06:11:59 ~ IP : 46.189.37.22 ----------
REQUEST URI : /index.php?route=product/ajaxcompare/add
MOD DETAILS:
   modFile   : /home/platne/brasserwis/public_html/comparator/vqmod/xml/seo-single-url-home-continue.xml
   id        : SEO Single Url - Continue Home Link
   version   : 1
   vqmver    : 2.1.7
   author    : www.zadenzo.com

File Name    : catalog/controller/product/*.php(0)
VQModObject::applyMod - SEARCH NOT FOUND (ABORTING MOD): $this->url->link('common/home')
----------------------------------------------------------------------


---------- Date: 2016-06-02 06:12:00 ~ IP : 46.189.37.22 ----------
REQUEST URI : /index.php?route=product/ajaxcompare/compare_list
MOD DETAILS:
   modFile   : /home/platne/brasserwis/public_html/comparator/vqmod/xml/seo-single-url-home-continue.xml
   id        : SEO Single Url - Continue Home Link
   version   : 1
   vqmver    : 2.1.7
   author    : www.zadenzo.com

File Name    : catalog/controller/product/*.php(0)
VQModObject::applyMod - SEARCH NOT FOUND (ABORTING MOD): $this->url->link('common/home')
----------------------------------------------------------------------


---------- Date: 2016-06-02 06:12:00 ~ IP : 46.189.37.22 ----------
REQUEST URI : /index.php?route=product/ajaxcompare/compare_list
MOD DETAILS:
   modFile   : /home/platne/brasserwis/public_html/comparator/vqmod/xml/seo-single-url-home-continue.xml
   id        : SEO Single Url - Continue Home Link
   version   : 1
   vqmver    : 2.1.7
   author    : www.zadenzo.com

File Name    : catalog/controller/product/*.php(0)
VQModObject::applyMod - SEARCH NOT FOUND (ABORTING MOD): $this->url->link('common/home')
----------------------------------------------------------------------


---------- Date: 2016-06-02 06:12:31 ~ IP : 46.189.37.22 ----------
REQUEST URI : /index.php?route=product/ajaxcompare/compare_list
MOD DETAILS:
   modFile   : /home/platne/brasserwis/public_html/comparator/vqmod/xml/seo-single-url-home-continue.xml
   id        : SEO Single Url - Continue Home Link
   version   : 1
   vqmver    : 2.1.7
   author    : www.zadenzo.com

File Name    : catalog/controller/product/*.php(0)
VQModObject::applyMod - SEARCH NOT FOUND (ABORTING MOD): $this->url->link('common/home')
----------------------------------------------------------------------


---------- Date: 2016-06-02 06:12:39 ~ IP : 46.189.37.22 ----------
REQUEST URI : /index.php?route=product/ajaxcompare/compare_list
MOD DETAILS:
   modFile   : /home/platne/brasserwis/public_html/comparator/vqmod/xml/seo-single-url-home-continue.xml
   id        : SEO Single Url - Continue Home Link
   version   : 1
   vqmver    : 2.1.7
   author    : www.zadenzo.com

File Name    : catalog/controller/product/*.php(0)
VQModObject::applyMod - SEARCH NOT FOUND (ABORTING MOD): $this->url->link('common/home')
----------------------------------------------------------------------


---------- Date: 2016-06-02 07:14:07 ~ IP : 151.37.121.166 ----------
REQUEST URI : /index.php?route=product/ajaxcompare/compare_list
MOD DETAILS:
   modFile   : /home/platne/brasserwis/public_html/comparator/vqmod/xml/seo-single-url-home-continue.xml
   id        : SEO Single Url - Continue Home Link
   version   : 1
   vqmver    : 2.1.7
   author    : www.zadenzo.com

File Name    : catalog/controller/product/*.php(0)
VQModObject::applyMod - SEARCH NOT FOUND (ABORTING MOD): $this->url->link('common/home')
----------------------------------------------------------------------


---------- Date: 2016-06-02 07:14:40 ~ IP : 151.37.121.166 ----------
REQUEST URI : /index.php?route=product/ajaxcompare/compare_list
MOD DETAILS:
   modFile   : /home/platne/brasserwis/public_html/comparator/vqmod/xml/seo-single-url-home-continue.xml
   id        : SEO Single Url - Continue Home Link
   version   : 1
   vqmver    : 2.1.7
   author    : www.zadenzo.com

File Name    : catalog/controller/product/*.php(0)
VQModObject::applyMod - SEARCH NOT FOUND (ABORTING MOD): $this->url->link('common/home')
----------------------------------------------------------------------


---------- Date: 2016-06-02 07:33:57 ~ IP : 109.232.61.197 ----------
REQUEST URI : /index.php?route=product/ajaxcompare/compare_list
MOD DETAILS:
   modFile   : /home/platne/brasserwis/public_html/comparator/vqmod/xml/seo-single-url-home-continue.xml
   id        : SEO Single Url - Continue Home Link
   version   : 1
   vqmver    : 2.1.7
   author    : www.zadenzo.com

File Name    : catalog/controller/product/*.php(0)
VQModObject::applyMod - SEARCH NOT FOUND (ABORTING MOD): $this->url->link('common/home')
----------------------------------------------------------------------


---------- Date: 2016-06-02 07:58:25 ~ IP : 82.147.66.191 ----------
REQUEST URI : /index.php?route=product/ajaxcompare/compare_list
MOD DETAILS:
   modFile   : /home/platne/brasserwis/public_html/comparator/vqmod/xml/seo-single-url-home-continue.xml
   id        : SEO Single Url - Continue Home Link
   version   : 1
   vqmver    : 2.1.7
   author    : www.zadenzo.com

File Name    : catalog/controller/product/*.php(0)
VQModObject::applyMod - SEARCH NOT FOUND (ABORTING MOD): $this->url->link('common/home')
----------------------------------------------------------------------


---------- Date: 2016-06-02 07:59:05 ~ IP : 82.147.66.191 ----------
REQUEST URI : /index.php?route=product/ajaxcompare/compare_list
MOD DETAILS:
   modFile   : /home/platne/brasserwis/public_html/comparator/vqmod/xml/seo-single-url-home-continue.xml
   id        : SEO Single Url - Continue Home Link
   version   : 1
   vqmver    : 2.1.7
   author    : www.zadenzo.com

File Name    : catalog/controller/product/*.php(0)
VQModObject::applyMod - SEARCH NOT FOUND (ABORTING MOD): $this->url->link('common/home')
----------------------------------------------------------------------


---------- Date: 2016-06-02 08:45:40 ~ IP : 213.87.129.118 ----------
REQUEST URI : /index.php?route=product/ajaxcompare/compare_list
MOD DETAILS:
   modFile   : /home/platne/brasserwis/public_html/comparator/vqmod/xml/seo-single-url-home-continue.xml
   id        : SEO Single Url - Continue Home Link
   version   : 1
   vqmver    : 2.1.7
   author    : www.zadenzo.com

File Name    : catalog/controller/product/*.php(0)
VQModObject::applyMod - SEARCH NOT FOUND (ABORTING MOD): $this->url->link('common/home')
----------------------------------------------------------------------


---------- Date: 2016-06-02 10:23:36 ~ IP : 66.249.69.185 ----------
REQUEST URI : /index.php?route=product/ajaxcompare/compare_list
MOD DETAILS:
   modFile   : /home/platne/brasserwis/public_html/comparator/vqmod/xml/seo-single-url-home-continue.xml
   id        : SEO Single Url - Continue Home Link
   version   : 1
   vqmver    : 2.1.7
   author    : www.zadenzo.com

File Name    : catalog/controller/product/*.php(0)
VQModObject::applyMod - SEARCH NOT FOUND (ABORTING MOD): $this->url->link('common/home')
----------------------------------------------------------------------


---------- Date: 2016-06-02 10:56:46 ~ IP : 188.86.94.75 ----------
REQUEST URI : /index.php?route=product/ajaxcompare/compare_list
MOD DETAILS:
   modFile   : /home/platne/brasserwis/public_html/comparator/vqmod/xml/seo-single-url-home-continue.xml
   id        : SEO Single Url - Continue Home Link
   version   : 1
   vqmver    : 2.1.7
   author    : www.zadenzo.com

File Name    : catalog/controller/product/*.php(0)
VQModObject::applyMod - SEARCH NOT FOUND (ABORTING MOD): $this->url->link('common/home')
----------------------------------------------------------------------


---------- Date: 2016-06-02 10:56:52 ~ IP : 188.86.94.75 ----------
REQUEST URI : /index.php?route=product/ajaxcompare/compare_list
MOD DETAILS:
   modFile   : /home/platne/brasserwis/public_html/comparator/vqmod/xml/seo-single-url-home-continue.xml
   id        : SEO Single Url - Continue Home Link
   version   : 1
   vqmver    : 2.1.7
   author    : www.zadenzo.com

File Name    : catalog/controller/product/*.php(0)
VQModObject::applyMod - SEARCH NOT FOUND (ABORTING MOD): $this->url->link('common/home')
----------------------------------------------------------------------


---------- Date: 2016-06-02 11:07:23 ~ IP : 73.22.121.123 ----------
REQUEST URI : /index.php?route=product/ajaxcompare/compare_list
MOD DETAILS:
   modFile   : /home/platne/brasserwis/public_html/comparator/vqmod/xml/seo-single-url-home-continue.xml
   id        : SEO Single Url - Continue Home Link
   version   : 1
   vqmver    : 2.1.7
   author    : www.zadenzo.com

File Name    : catalog/controller/product/*.php(0)
VQModObject::applyMod - SEARCH NOT FOUND (ABORTING MOD): $this->url->link('common/home')
----------------------------------------------------------------------


---------- Date: 2016-06-02 11:07:30 ~ IP : 73.22.121.123 ----------
REQUEST URI : /index.php?route=product/ajaxcompare/compare_list
MOD DETAILS:
   modFile   : /home/platne/brasserwis/public_html/comparator/vqmod/xml/seo-single-url-home-continue.xml
   id        : SEO Single Url - Continue Home Link
   version   : 1
   vqmver    : 2.1.7
   author    : www.zadenzo.com

File Name    : catalog/controller/product/*.php(0)
VQModObject::applyMod - SEARCH NOT FOUND (ABORTING MOD): $this->url->link('common/home')
----------------------------------------------------------------------


---------- Date: 2016-06-02 11:08:32 ~ IP : 73.22.121.123 ----------
REQUEST URI : /index.php?route=product/ajaxcompare/compare_list
MOD DETAILS:
   modFile   : /home/platne/brasserwis/public_html/comparator/vqmod/xml/seo-single-url-home-continue.xml
   id        : SEO Single Url - Continue Home Link
   version   : 1
   vqmver    : 2.1.7
   author    : www.zadenzo.com

File Name    : catalog/controller/product/*.php(0)
VQModObject::applyMod - SEARCH NOT FOUND (ABORTING MOD): $this->url->link('common/home')
----------------------------------------------------------------------


---------- Date: 2016-06-02 11:08:35 ~ IP : 73.22.121.123 ----------
REQUEST URI : /index.php?route=product/ajaxcompare/compare_list
MOD DETAILS:
   modFile   : /home/platne/brasserwis/public_html/comparator/vqmod/xml/seo-single-url-home-continue.xml
   id        : SEO Single Url - Continue Home Link
   version   : 1
   vqmver    : 2.1.7
   author    : www.zadenzo.com

File Name    : catalog/controller/product/*.php(0)
VQModObject::applyMod - SEARCH NOT FOUND (ABORTING MOD): $this->url->link('common/home')
----------------------------------------------------------------------


---------- Date: 2016-06-02 11:49:12 ~ IP : 95.26.185.232 ----------
REQUEST URI : /index.php?route=product/ajaxcompare/compare_list
MOD DETAILS:
   modFile   : /home/platne/brasserwis/public_html/comparator/vqmod/xml/seo-single-url-home-continue.xml
   id        : SEO Single Url - Continue Home Link
   version   : 1
   vqmver    : 2.1.7
   author    : www.zadenzo.com

File Name    : catalog/controller/product/*.php(0)
VQModObject::applyMod - SEARCH NOT FOUND (ABORTING MOD): $this->url->link('common/home')
----------------------------------------------------------------------


---------- Date: 2016-06-02 16:02:54 ~ IP : 216.218.94.18 ----------
REQUEST URI : /index.php?route=product/ajaxcompare/compare_list
MOD DETAILS:
   modFile   : /home/platne/brasserwis/public_html/comparator/vqmod/xml/seo-single-url-home-continue.xml
   id        : SEO Single Url - Continue Home Link
   version   : 1
   vqmver    : 2.1.7
   author    : www.zadenzo.com

File Name    : catalog/controller/product/*.php(0)
VQModObject::applyMod - SEARCH NOT FOUND (ABORTING MOD): $this->url->link('common/home')
----------------------------------------------------------------------


---------- Date: 2016-06-02 16:03:03 ~ IP : 216.218.94.18 ----------
REQUEST URI : /index.php?route=product/ajaxcompare/compare_list
MOD DETAILS:
   modFile   : /home/platne/brasserwis/public_html/comparator/vqmod/xml/seo-single-url-home-continue.xml
   id        : SEO Single Url - Continue Home Link
   version   : 1
   vqmver    : 2.1.7
   author    : www.zadenzo.com

File Name    : catalog/controller/product/*.php(0)
VQModObject::applyMod - SEARCH NOT FOUND (ABORTING MOD): $this->url->link('common/home')
----------------------------------------------------------------------


---------- Date: 2016-06-02 17:14:05 ~ IP : 65.55.210.128 ----------
REQUEST URI : /index.php?route=product/ajaxcompare/compare_list
MOD DETAILS:
   modFile   : /home/platne/brasserwis/public_html/comparator/vqmod/xml/seo-single-url-home-continue.xml
   id        : SEO Single Url - Continue Home Link
   version   : 1
   vqmver    : 2.1.7
   author    : www.zadenzo.com

File Name    : catalog/controller/product/*.php(0)
VQModObject::applyMod - SEARCH NOT FOUND (ABORTING MOD): $this->url->link('common/home')
----------------------------------------------------------------------


---------- Date: 2016-06-02 17:34:28 ~ IP : 66.249.78.105 ----------
REQUEST URI : /index.php?route=product/ajaxcompare/compare_list
MOD DETAILS:
   modFile   : /home/platne/brasserwis/public_html/comparator/vqmod/xml/seo-single-url-home-continue.xml
   id        : SEO Single Url - Continue Home Link
   version   : 1
   vqmver    : 2.1.7
   author    : www.zadenzo.com

File Name    : catalog/controller/product/*.php(0)
VQModObject::applyMod - SEARCH NOT FOUND (ABORTING MOD): $this->url->link('common/home')
----------------------------------------------------------------------


---------- Date: 2016-06-02 19:20:53 ~ IP : 98.219.223.42 ----------
REQUEST URI : /index.php?route=product/ajaxcompare/compare_list
MOD DETAILS:
   modFile   : /home/platne/brasserwis/public_html/comparator/vqmod/xml/seo-single-url-home-continue.xml
   id        : SEO Single Url - Continue Home Link
   version   : 1
   vqmver    : 2.1.7
   author    : www.zadenzo.com

File Name    : catalog/controller/product/*.php(0)
VQModObject::applyMod - SEARCH NOT FOUND (ABORTING MOD): $this->url->link('common/home')
----------------------------------------------------------------------


---------- Date: 2016-06-02 19:30:42 ~ IP : 98.219.223.42 ----------
REQUEST URI : /index.php?route=product/ajaxcompare/compare_list
MOD DETAILS:
   modFile   : /home/platne/brasserwis/public_html/comparator/vqmod/xml/seo-single-url-home-continue.xml
   id        : SEO Single Url - Continue Home Link
   version   : 1
   vqmver    : 2.1.7
   author    : www.zadenzo.com

File Name    : catalog/controller/product/*.php(0)
VQModObject::applyMod - SEARCH NOT FOUND (ABORTING MOD): $this->url->link('common/home')
----------------------------------------------------------------------


---------- Date: 2016-06-02 19:31:23 ~ IP : 98.219.223.42 ----------
REQUEST URI : /index.php?route=product/ajaxcompare/compare_list
MOD DETAILS:
   modFile   : /home/platne/brasserwis/public_html/comparator/vqmod/xml/seo-single-url-home-continue.xml
   id        : SEO Single Url - Continue Home Link
   version   : 1
   vqmver    : 2.1.7
   author    : www.zadenzo.com

File Name    : catalog/controller/product/*.php(0)
VQModObject::applyMod - SEARCH NOT FOUND (ABORTING MOD): $this->url->link('common/home')
----------------------------------------------------------------------


---------- Date: 2016-06-02 19:37:53 ~ IP : 91.79.67.249 ----------
REQUEST URI : /index.php?route=product/ajaxcompare/compare_list
MOD DETAILS:
   modFile   : /home/platne/brasserwis/public_html/comparator/vqmod/xml/seo-single-url-home-continue.xml
   id        : SEO Single Url - Continue Home Link
   version   : 1
   vqmver    : 2.1.7
   author    : www.zadenzo.com

File Name    : catalog/controller/product/*.php(0)
VQModObject::applyMod - SEARCH NOT FOUND (ABORTING MOD): $this->url->link('common/home')
----------------------------------------------------------------------


---------- Date: 2016-06-02 20:13:08 ~ IP : 66.249.81.187 ----------
REQUEST URI : /index.php?route=product/ajaxcompare/compare_list
MOD DETAILS:
   modFile   : /home/platne/brasserwis/public_html/comparator/vqmod/xml/seo-single-url-home-continue.xml
   id        : SEO Single Url - Continue Home Link
   version   : 1
   vqmver    : 2.1.7
   author    : www.zadenzo.com

File Name    : catalog/controller/product/*.php(0)
VQModObject::applyMod - SEARCH NOT FOUND (ABORTING MOD): $this->url->link('common/home')
----------------------------------------------------------------------


---------- Date: 2016-06-02 21:08:24 ~ IP : 80.110.109.194 ----------
REQUEST URI : /index.php?route=product/ajaxcompare/compare_list
MOD DETAILS:
   modFile   : /home/platne/brasserwis/public_html/comparator/vqmod/xml/seo-single-url-home-continue.xml
   id        : SEO Single Url - Continue Home Link
   version   : 1
   vqmver    : 2.1.7
   author    : www.zadenzo.com

File Name    : catalog/controller/product/*.php(0)
VQModObject::applyMod - SEARCH NOT FOUND (ABORTING MOD): $this->url->link('common/home')
----------------------------------------------------------------------


---------- Date: 2016-06-02 21:28:20 ~ IP : 41.202.89.128 ----------
REQUEST URI : /index.php?route=product/ajaxcompare/compare_list
MOD DETAILS:
   modFile   : /home/platne/brasserwis/public_html/comparator/vqmod/xml/seo-single-url-home-continue.xml
   id        : SEO Single Url - Continue Home Link
   version   : 1
   vqmver    : 2.1.7
   author    : www.zadenzo.com

File Name    : catalog/controller/product/*.php(0)
VQModObject::applyMod - SEARCH NOT FOUND (ABORTING MOD): $this->url->link('common/home')
----------------------------------------------------------------------


---------- Date: 2016-06-02 21:35:05 ~ IP : 90.57.251.33 ----------
REQUEST URI : /index.php?route=product/ajaxcompare/compare_list
MOD DETAILS:
   modFile   : /home/platne/brasserwis/public_html/comparator/vqmod/xml/seo-single-url-home-continue.xml
   id        : SEO Single Url - Continue Home Link
   version   : 1
   vqmver    : 2.1.7
   author    : www.zadenzo.com

File Name    : catalog/controller/product/*.php(0)
VQModObject::applyMod - SEARCH NOT FOUND (ABORTING MOD): $this->url->link('common/home')
----------------------------------------------------------------------


---------- Date: 2016-06-02 21:37:13 ~ IP : 90.57.251.33 ----------
REQUEST URI : /index.php?route=product/ajaxcompare/add
MOD DETAILS:
   modFile   : /home/platne/brasserwis/public_html/comparator/vqmod/xml/seo-single-url-home-continue.xml
   id        : SEO Single Url - Continue Home Link
   version   : 1
   vqmver    : 2.1.7
   author    : www.zadenzo.com

File Name    : catalog/controller/product/*.php(0)
VQModObject::applyMod - SEARCH NOT FOUND (ABORTING MOD): $this->url->link('common/home')
----------------------------------------------------------------------


---------- Date: 2016-06-02 21:37:13 ~ IP : 90.57.251.33 ----------
REQUEST URI : /index.php?route=product/ajaxcompare/add
MOD DETAILS:
   modFile   : /home/platne/brasserwis/public_html/comparator/vqmod/xml/seo-single-url-home-continue.xml
   id        : SEO Single Url - Continue Home Link
   version   : 1
   vqmver    : 2.1.7
   author    : www.zadenzo.com

File Name    : catalog/controller/product/*.php(0)
VQModObject::applyMod - SEARCH NOT FOUND (ABORTING MOD): $this->url->link('common/home')
----------------------------------------------------------------------


---------- Date: 2016-06-02 21:37:13 ~ IP : 90.57.251.33 ----------
REQUEST URI : /index.php?route=product/ajaxcompare/compare_list
MOD DETAILS:
   modFile   : /home/platne/brasserwis/public_html/comparator/vqmod/xml/seo-single-url-home-continue.xml
   id        : SEO Single Url - Continue Home Link
   version   : 1
   vqmver    : 2.1.7
   author    : www.zadenzo.com

File Name    : catalog/controller/product/*.php(0)
VQModObject::applyMod - SEARCH NOT FOUND (ABORTING MOD): $this->url->link('common/home')
----------------------------------------------------------------------


---------- Date: 2016-06-02 21:37:19 ~ IP : 90.57.251.33 ----------
REQUEST URI : /index.php?route=product/ajaxcompare/removeall
MOD DETAILS:
   modFile   : /home/platne/brasserwis/public_html/comparator/vqmod/xml/seo-single-url-home-continue.xml
   id        : SEO Single Url - Continue Home Link
   version   : 1
   vqmver    : 2.1.7
   author    : www.zadenzo.com

File Name    : catalog/controller/product/*.php(0)
VQModObject::applyMod - SEARCH NOT FOUND (ABORTING MOD): $this->url->link('common/home')
----------------------------------------------------------------------


---------- Date: 2016-06-02 21:38:28 ~ IP : 90.57.251.33 ----------
REQUEST URI : /index.php?route=product/ajaxcompare/compare_list
MOD DETAILS:
   modFile   : /home/platne/brasserwis/public_html/comparator/vqmod/xml/seo-single-url-home-continue.xml
   id        : SEO Single Url - Continue Home Link
   version   : 1
   vqmver    : 2.1.7
   author    : www.zadenzo.com

File Name    : catalog/controller/product/*.php(0)
VQModObject::applyMod - SEARCH NOT FOUND (ABORTING MOD): $this->url->link('common/home')
----------------------------------------------------------------------


---------- Date: 2016-06-02 21:39:09 ~ IP : 90.57.251.33 ----------
REQUEST URI : /index.php?route=product/ajaxcompare/compare_list
MOD DETAILS:
   modFile   : /home/platne/brasserwis/public_html/comparator/vqmod/xml/seo-single-url-home-continue.xml
   id        : SEO Single Url - Continue Home Link
   version   : 1
   vqmver    : 2.1.7
   author    : www.zadenzo.com

File Name    : catalog/controller/product/*.php(0)
VQModObject::applyMod - SEARCH NOT FOUND (ABORTING MOD): $this->url->link('common/home')
----------------------------------------------------------------------


---------- Date: 2016-06-02 21:41:38 ~ IP : 90.57.251.33 ----------
REQUEST URI : /index.php?route=product/ajaxcompare/compare_list
MOD DETAILS:
   modFile   : /home/platne/brasserwis/public_html/comparator/vqmod/xml/seo-single-url-home-continue.xml
   id        : SEO Single Url - Continue Home Link
   version   : 1
   vqmver    : 2.1.7
   author    : www.zadenzo.com

File Name    : catalog/controller/product/*.php(0)
VQModObject::applyMod - SEARCH NOT FOUND (ABORTING MOD): $this->url->link('common/home')
----------------------------------------------------------------------


---------- Date: 2016-06-02 21:42:55 ~ IP : 90.57.251.33 ----------
REQUEST URI : /index.php?route=product/ajaxcompare/compare_list
MOD DETAILS:
   modFile   : /home/platne/brasserwis/public_html/comparator/vqmod/xml/seo-single-url-home-continue.xml
   id        : SEO Single Url - Continue Home Link
   version   : 1
   vqmver    : 2.1.7
   author    : www.zadenzo.com

File Name    : catalog/controller/product/*.php(0)
VQModObject::applyMod - SEARCH NOT FOUND (ABORTING MOD): $this->url->link('common/home')
----------------------------------------------------------------------


---------- Date: 2016-06-02 23:04:39 ~ IP : 66.249.78.112 ----------
REQUEST URI : /index.php?route=product/ajaxcompare/compare_list
MOD DETAILS:
   modFile   : /home/platne/brasserwis/public_html/comparator/vqmod/xml/seo-single-url-home-continue.xml
   id        : SEO Single Url - Continue Home Link
   version   : 1
   vqmver    : 2.1.7
   author    : www.zadenzo.com

File Name    : catalog/controller/product/*.php(0)
VQModObject::applyMod - SEARCH NOT FOUND (ABORTING MOD): $this->url->link('common/home')
----------------------------------------------------------------------


